::1 - - [23/Nov/2020:23:45:22 +0200] "GET /phpmyadmin/ HTTP/1.1" 200 13210
::1 - - [23/Nov/2020:23:45:25 +0200] "POST /phpmyadmin/navigation.php?ajax_request=1 HTTP/1.1" 200 1961
::1 - - [23/Nov/2020:23:45:25 +0200] "POST /phpmyadmin/version_check.php HTTP/1.1" 200 62
::1 - - [23/Nov/2020:23:45:29 +0200] "GET / HTTP/1.1" 200 328
::1 - - [23/Nov/2020:23:45:58 +0200] "GET /phpmyadmin/server_sql.php?db=&ajax_request=true&ajax_page_request=true&_nocache=1606167958587752458 HTTP/1.1" 200 4128
::1 - - [23/Nov/2020:23:46:00 +0200] "GET /phpmyadmin/db_structure.php?server=1&db=b%C5%ABvvalde&ajax_request=true&ajax_page_request=true&_nocache=1606167960427916606 HTTP/1.1" 200 4625
::1 - - [23/Nov/2020:23:46:00 +0200] "GET /phpmyadmin/navigation.php?ajax_request=1&aPath=cm9vdA%3D%3D.YsWrdnZhbGRl&vPath=cm9vdA%3D%3D.YsWrdnZhbGRl&pos=0&pos2_name=&pos2_value=&searchClause=&searchClause2=&_nocache=1606167960984994782 HTTP/1.1" 200 1713
::1 - - [23/Nov/2020:23:46:04 +0200] "GET /phpmyadmin/db_sql.php?db=b%C5%ABvvalde&ajax_request=true&ajax_page_request=true&_nocache=1606167964218519059 HTTP/1.1" 200 4224
::1 - - [23/Nov/2020:23:46:18 +0200] "POST /phpmyadmin/db_sql_autocomplete.php HTTP/1.1" 200 1542
::1 - - [23/Nov/2020:23:46:18 +0200] "POST /phpmyadmin/lint.php HTTP/1.1" 200 261
::1 - - [23/Nov/2020:23:46:26 +0200] "POST /phpmyadmin/import.php HTTP/1.1" 200 666
::1 - - [23/Nov/2020:23:46:53 +0200] "GET /phpmyadmin/sql.php?server=1&db=b%C5%ABvvalde&table=b%C5%ABvvaldes_db&pos=0&ajax_request=true&ajax_page_request=true&_nocache=1606168013789341751 HTTP/1.1" 200 5820
::1 - - [23/Nov/2020:23:46:54 +0200] "GET /phpmyadmin/index.php?ajax_request=1&recent_table=1&no_debug=true&_nocache=1606168014362980680 HTTP/1.1" 200 1438
::1 - - [23/Nov/2020:23:46:58 +0200] "GET /phpmyadmin/tbl_structure.php?db=b%C5%ABvvalde&table=b%C5%ABvvaldes_db&ajax_request=true&ajax_page_request=true&_nocache=1606168018973371233 HTTP/1.1" 200 5503
::1 - - [23/Nov/2020:23:46:59 +0200] "GET /phpmyadmin/index.php?ajax_request=1&recent_table=1&no_debug=true&_nocache=160616801959627119 HTTP/1.1" 200 1438
::1 - - [23/Nov/2020:23:47:31 +0200] "POST /phpmyadmin/tbl_structure.php HTTP/1.1" 200 8692
::1 - - [23/Nov/2020:23:47:31 +0200] "GET /phpmyadmin/index.php?ajax_request=1&recent_table=1&no_debug=true&_nocache=1606168051439290504 HTTP/1.1" 200 1438
::1 - - [23/Nov/2020:23:47:41 +0200] "POST /phpmyadmin/tbl_structure.php HTTP/1.1" 200 95
::1 - - [23/Nov/2020:23:47:41 +0200] "POST /phpmyadmin/tbl_structure.php HTTP/1.1" 200 5822
::1 - - [23/Nov/2020:23:47:41 +0200] "POST /phpmyadmin/tbl_structure.php HTTP/1.1" 200 5499
::1 - - [23/Nov/2020:23:47:41 +0200] "POST /phpmyadmin/navigation.php?ajax_request=1 HTTP/1.1" 200 2165
::1 - - [23/Nov/2020:23:48:36 +0200] "GET / HTTP/1.1" 200 324
::1 - - [23/Nov/2020:23:48:37 +0200] "GET / HTTP/1.1" 200 324
::1 - - [23/Nov/2020:23:48:50 +0200] "GET /phpmyadmin/db_structure.php?server=1&db=b%C5%ABvvalde&ajax_request=true&ajax_page_request=true&_nocache=160616812947855461 HTTP/1.1" 200 4625
::1 - - [23/Nov/2020:23:48:55 +0200] "GET /phpmyadmin/db_structure.php?db=b%C5%ABvvalde&ajax_request=true&ajax_page_request=true&_nocache=1606168135570410336 HTTP/1.1" 200 4625
::1 - - [23/Nov/2020:23:49:10 +0200] "GET /phpmyadmin/db_structure.php?db=b%C5%ABvvalde&pos=0&sort=table&sort_order=DESC&ajax_request=true&ajax_page_request=true&_nocache=1606168150919797829 HTTP/1.1" 200 4629
::1 - - [23/Nov/2020:23:49:16 +0200] "GET /phpmyadmin/db_search.php?db=b%C5%ABvvalde&ajax_request=true&ajax_page_request=true&_nocache=1606168156676805305 HTTP/1.1" 200 2420
::1 - - [23/Nov/2020:23:49:16 +0200] "GET /phpmyadmin/js/get_scripts.js.php?scripts%5B%5D=db_search.js&call_done=1&v=4.7.5&call_done=1&v=4.7.5 HTTP/1.1" 200 2136
::1 - - [23/Nov/2020:23:49:20 +0200] "GET /phpmyadmin/db_sql.php?db=b%C5%ABvvalde&ajax_request=true&ajax_page_request=true&_nocache=1606168160129714687 HTTP/1.1" 200 4224
::1 - - [23/Nov/2020:23:49:21 +0200] "GET /phpmyadmin/db_structure.php?db=b%C5%ABvvalde&ajax_request=true&ajax_page_request=true&_nocache=1606168161625815016 HTTP/1.1" 200 4625
::1 - - [23/Nov/2020:23:49:31 +0200] "GET /phpmyadmin/db_sql.php?db=b%C5%ABvvalde&ajax_request=true&ajax_page_request=true&_nocache=1606168170041945483 HTTP/1.1" 200 4224
::1 - - [23/Nov/2020:23:49:32 +0200] "GET /phpmyadmin/db_structure.php?server=1&db=b%C5%ABvvalde&ajax_request=true&ajax_page_request=true&_nocache=1606168172071378244 HTTP/1.1" 200 4625
::1 - - [23/Nov/2020:23:50:06 +0200] "POST /phpmyadmin/db_structure.php?db=b%C5%ABvvalde&table=&server=1&target= HTTP/1.1" 302 7340
::1 - - [23/Nov/2020:23:50:07 +0200] "GET /phpmyadmin/db_structure.php?db=b%C5%ABvvalde&table=&server=1&target= HTTP/1.1" 200 10327
::1 - - [23/Nov/2020:23:50:07 +0200] "GET /phpmyadmin/phpmyadmin.css.php?nocache=6423594290ltr&server=1 HTTP/1.1" 200 20133
::1 - - [23/Nov/2020:23:50:07 +0200] "GET /phpmyadmin/js/get_scripts.js.php?scripts%5B%5D=navigation.js&scripts%5B%5D=indexes.js&scripts%5B%5D=common.js&scripts%5B%5D=page_settings.js&scripts%5B%5D=shortcuts_handler.js&scripts%5B%5D=db_structure.js&scripts%5B%5D=tbl_change.js&scripts%5B%5D=codemirror/lib/codemirror.js&scripts%5B%5D=codemirror/mode/sql/sql.js&scripts%5B%5D=codemirror/addon/runmode/runmode.js&v=4.7.5 HTTP/1.1" 200 139482
::1 - - [23/Nov/2020:23:50:07 +0200] "GET /phpmyadmin/js/get_scripts.js.php?scripts%5B%5D=codemirror/addon/hint/show-hint.js&scripts%5B%5D=codemirror/addon/hint/sql-hint.js&scripts%5B%5D=codemirror/addon/lint/lint.js&scripts%5B%5D=codemirror/addon/lint/sql-lint.js&scripts%5B%5D=console.js&v=4.7.5 HTTP/1.1" 200 19147
::1 - - [23/Nov/2020:23:50:08 +0200] "POST /phpmyadmin/navigation.php?ajax_request=1 HTTP/1.1" 200 1961
::1 - - [23/Nov/2020:23:50:08 +0200] "GET /phpmyadmin/navigation.php?ajax_request=1&aPath=cm9vdA%3D%3D.YsWrdnZhbGRl&vPath=cm9vdA%3D%3D.YsWrdnZhbGRl&pos=0&pos2_name=&pos2_value=&searchClause=&searchClause2=&_nocache=1606168208379894528 HTTP/1.1" 200 1713
::1 - - [23/Nov/2020:23:50:12 +0200] "GET /phpmyadmin/sql.php?server=1&db=b%C5%ABvvalde&table=b%C5%ABvvaldes_db&pos=0&ajax_request=true&ajax_page_request=true&_nocache=160616821275747809 HTTP/1.1" 200 5819
::1 - - [23/Nov/2020:23:50:13 +0200] "GET /phpmyadmin/js/get_scripts.js.php?scripts%5B%5D=jquery/jquery.uitablefilter.js&scripts%5B%5D=gis_data_editor.js&scripts%5B%5D=multi_column_sort.js&scripts%5B%5D=makegrid.js&scripts%5B%5D=sql.js&call_done=1&v=4.7.5&call_done=1&v=4.7.5 HTTP/1.1" 200 32297
::1 - - [23/Nov/2020:23:50:13 +0200] "GET /phpmyadmin/index.php?ajax_request=1&recent_table=1&no_debug=true&_nocache=1606168213500225152 HTTP/1.1" 200 1438
::1 - - [23/Nov/2020:23:50:48 +0200] "GET /phpmyadmin/tbl_structure.php?db=b%C5%ABvvalde&table=b%C5%ABvvaldes_db&ajax_request=true&ajax_page_request=true&_nocache=160616824870216872 HTTP/1.1" 200 5499
::1 - - [23/Nov/2020:23:50:49 +0200] "GET /phpmyadmin/index.php?ajax_request=1&recent_table=1&no_debug=true&_nocache=1606168249467396281 HTTP/1.1" 200 1438
::1 - - [23/Nov/2020:23:51:50 +0200] "GET / HTTP/1.1" 200 324
::1 - - [23/Nov/2020:23:56:59 +0200] "GET / HTTP/1.1" 200 283
::1 - - [23/Nov/2020:23:57:26 +0200] "POST /search.php HTTP/1.1" 200 96
::1 - - [23/Nov/2020:23:57:53 +0200] "GET / HTTP/1.1" 500 251
::1 - - [23/Nov/2020:23:58:21 +0200] "GET / HTTP/1.1" 200 283
::1 - - [23/Nov/2020:23:58:24 +0200] "POST /search.php HTTP/1.1" 200 229
::1 - - [23/Nov/2020:23:58:57 +0200] "GET / HTTP/1.1" 200 283
::1 - - [23/Nov/2020:23:59:01 +0200] "GET / HTTP/1.1" 200 283
::1 - - [23/Nov/2020:23:59:08 +0200] "GET / HTTP/1.1" 200 283
::1 - - [23/Nov/2020:23:59:10 +0200] "GET / HTTP/1.1" 200 283
::1 - - [24/Nov/2020:00:00:14 +0200] "GET / HTTP/1.1" 200 283
::1 - - [24/Nov/2020:00:00:15 +0200] "GET / HTTP/1.1" 200 283
::1 - - [24/Nov/2020:00:00:33 +0200] "GET / HTTP/1.1" 200 324
::1 - - [24/Nov/2020:00:00:34 +0200] "GET / HTTP/1.1" 200 324
::1 - - [24/Nov/2020:00:00:47 +0200] "GET /phpmyadmin/tbl_structure.php?db=b%C5%ABvvalde&table=b%C5%ABvvaldes_db HTTP/1.1" 200 11074
::1 - - [24/Nov/2020:00:00:48 +0200] "GET /phpmyadmin/js/get_scripts.js.php?scripts%5B%5D=navigation.js&scripts%5B%5D=indexes.js&scripts%5B%5D=common.js&scripts%5B%5D=page_settings.js&scripts%5B%5D=shortcuts_handler.js&scripts%5B%5D=tbl_structure.js&scripts%5B%5D=codemirror/lib/codemirror.js&scripts%5B%5D=codemirror/mode/sql/sql.js&scripts%5B%5D=codemirror/addon/runmode/runmode.js&scripts%5B%5D=codemirror/addon/hint/show-hint.js&v=4.7.5 HTTP/1.1" 200 138057
::1 - - [24/Nov/2020:00:00:48 +0200] "GET /phpmyadmin/js/get_scripts.js.php?scripts%5B%5D=codemirror/addon/hint/sql-hint.js&scripts%5B%5D=codemirror/addon/lint/lint.js&scripts%5B%5D=codemirror/addon/lint/sql-lint.js&scripts%5B%5D=console.js&v=4.7.5 HTTP/1.1" 200 15284
::1 - - [24/Nov/2020:00:00:48 +0200] "GET /phpmyadmin/favicon.ico HTTP/1.1" 200 22486
::1 - - [24/Nov/2020:00:00:48 +0200] "POST /phpmyadmin/navigation.php?ajax_request=1 HTTP/1.1" 200 2165
::1 - - [24/Nov/2020:00:00:48 +0200] "GET /phpmyadmin/index.php?ajax_request=1&recent_table=1&no_debug=true&_nocache=1606168848838282212 HTTP/1.1" 200 1438
::1 - - [24/Nov/2020:00:00:56 +0200] "GET /phpmyadmin/ HTTP/1.1" 200 13212
::1 - - [24/Nov/2020:00:00:57 +0200] "POST /phpmyadmin/navigation.php?ajax_request=1 HTTP/1.1" 200 1961
::1 - - [24/Nov/2020:00:00:57 +0200] "POST /phpmyadmin/version_check.php HTTP/1.1" 200 62
::1 - - [24/Nov/2020:00:01:08 +0200] "GET / HTTP/1.1" 200 324
::1 - - [24/Nov/2020:00:01:53 +0200] "GET / HTTP/1.1" 200 324
::1 - - [24/Nov/2020:00:01:54 +0200] "GET / HTTP/1.1" 200 324
::1 - - [24/Nov/2020:00:02:37 +0200] "POST /phpmyadmin/index.php HTTP/1.1" 200 6921
::1 - - [24/Nov/2020:00:02:38 +0200] "POST /phpmyadmin/version_check.php HTTP/1.1" 200 62
::1 - - [24/Nov/2020:00:02:40 +0200] "GET /phpmyadmin/ HTTP/1.1" 200 13210
::1 - - [24/Nov/2020:00:02:41 +0200] "GET /phpmyadmin/phpmyadmin.css.php?nocache=6423595041ltr&server=1 HTTP/1.1" 200 20133
::1 - - [24/Nov/2020:00:02:41 +0200] "GET /phpmyadmin/favicon.ico HTTP/1.1" 200 22486
::1 - - [24/Nov/2020:00:02:41 +0200] "POST /phpmyadmin/navigation.php?ajax_request=1 HTTP/1.1" 200 1957
::1 - - [24/Nov/2020:00:02:41 +0200] "POST /phpmyadmin/version_check.php HTTP/1.1" 200 62
::1 - - [24/Nov/2020:00:02:45 +0200] "GET / HTTP/1.1" 200 324
::1 - - [24/Nov/2020:00:02:46 +0200] "GET / HTTP/1.1" 200 324
::1 - - [24/Nov/2020:00:03:01 +0200] "GET /phpmyadmin/db_structure.php?server=1&db=b%C5%ABvvalde&ajax_request=true&ajax_page_request=true&_nocache=1606168981282401675 HTTP/1.1" 200 4659
::1 - - [24/Nov/2020:00:03:01 +0200] "GET /phpmyadmin/navigation.php?ajax_request=1&aPath=cm9vdA%3D%3D.YsWrdnZhbGRl&vPath=cm9vdA%3D%3D.YsWrdnZhbGRl&pos=0&pos2_name=&pos2_value=&searchClause=&searchClause2=&_nocache=1606168981623244513 HTTP/1.1" 200 1711
::1 - - [24/Nov/2020:00:03:12 +0200] "GET /phpmyadmin/db_structure.php?server=1&db=b%C5%ABvvalde&ajax_request=true&ajax_page_request=true&_nocache=1606168992238916065 HTTP/1.1" 200 4659
::1 - - [24/Nov/2020:00:03:14 +0200] "GET /phpmyadmin/db_structure.php?server=1&db=test&ajax_request=true&ajax_page_request=true&_nocache=1606168994732851798 HTTP/1.1" 200 4845
::1 - - [24/Nov/2020:00:03:15 +0200] "GET /phpmyadmin/navigation.php?ajax_request=1&aPath=cm9vdA%3D%3D.dGVzdA%3D%3D&vPath=cm9vdA%3D%3D.dGVzdA%3D%3D&pos=0&pos2_name=&pos2_value=&searchClause=&searchClause2=&_nocache=1606168995021670706 HTTP/1.1" 200 1749
::1 - - [24/Nov/2020:00:03:23 +0200] "GET /phpmyadmin/sql.php?server=1&db=b%C5%ABvvalde&table=b%C5%ABvvaldes_db&pos=0&ajax_request=true&ajax_page_request=true&_nocache=1606169002594256334 HTTP/1.1" 200 5815
::1 - - [24/Nov/2020:00:03:23 +0200] "GET /phpmyadmin/index.php?ajax_request=1&recent_table=1&no_debug=true&_nocache=1606169003873317437 HTTP/1.1" 200 1435
::1 - - [24/Nov/2020:00:03:30 +0200] "GET /phpmyadmin/db_structure.php?db=b%C5%ABvvalde&ajax_request=true&ajax_page_request=true&_nocache=1606169010668189313 HTTP/1.1" 200 4659
::1 - - [24/Nov/2020:00:03:44 +0200] "GET /phpmyadmin/sql.php?ajax_request=true&token=afed8b38d71e5f26d4599cb9ab4f7671&server=1&get_default_fk_check_value=true&_nocache=1606169024299461305 HTTP/1.1" 200 3740
::1 - - [24/Nov/2020:00:03:47 +0200] "POST /phpmyadmin/sql.php?db=b%C5%ABvvalde&goto=db_structure.php&table=b%C5%ABvvaldes_db&reload=1&purge=1&sql_query=DROP+TABLE+%60b%C5%ABvvaldes_db%60&message_to_show=Table+b%C5%ABvvaldes_db+has+been+dropped. HTTP/1.1" 200 1857
::1 - - [24/Nov/2020:00:03:47 +0200] "POST /phpmyadmin/navigation.php?ajax_request=1 HTTP/1.1" 200 2208
::1 - - [24/Nov/2020:00:04:02 +0200] "POST /phpmyadmin/tbl_create.php HTTP/1.1" 200 9371
::1 - - [24/Nov/2020:00:04:02 +0200] "GET /phpmyadmin/index.php?ajax_request=1&recent_table=1&no_debug=true&_nocache=160616904275225974 HTTP/1.1" 200 1435
::1 - - [24/Nov/2020:00:05:16 +0200] "POST /phpmyadmin/tbl_structure.php HTTP/1.1" 200 95
::1 - - [24/Nov/2020:00:05:16 +0200] "POST /phpmyadmin/tbl_create.php HTTP/1.1" 200 1597
::1 - - [24/Nov/2020:00:05:17 +0200] "GET /phpmyadmin/db_structure.php?server=1&db=b%C5%ABvvalde&table=Buvvaldes_db&ajax_request=true&ajax_page_request=true&_nocache=1606169117253662702 HTTP/1.1" 200 4642
::1 - - [24/Nov/2020:00:05:17 +0200] "POST /phpmyadmin/navigation.php?ajax_request=1 HTTP/1.1" 200 2273
::1 - - [24/Nov/2020:00:05:17 +0200] "GET /phpmyadmin/tbl_structure.php?server=1&db=b%C5%ABvvalde&token=afed8b38d71e5f26d4599cb9ab4f7671&goto=db_structure.php&table=Buvvaldes_db&ajax_request=true&ajax_page_request=true&_nocache=1606169117269899866 HTTP/1.1" 200 5784
::1 - - [24/Nov/2020:00:05:17 +0200] "GET /phpmyadmin/index.php?ajax_request=1&recent_table=1&no_debug=true&_nocache=1606169117559897408 HTTP/1.1" 200 1444
::1 - - [24/Nov/2020:00:05:18 +0200] "GET /phpmyadmin/index.php?ajax_request=1&recent_table=1&no_debug=true&_nocache=1606169118256445425 HTTP/1.1" 200 1444
::1 - - [24/Nov/2020:00:05:29 +0200] "GET /phpmyadmin/tbl_import.php?db=b%C5%ABvvalde&table=Buvvaldes_db&ajax_request=true&ajax_page_request=true&_nocache=1606169129671380122 HTTP/1.1" 200 6382
::1 - - [24/Nov/2020:00:05:30 +0200] "GET /phpmyadmin/index.php?ajax_request=1&recent_table=1&no_debug=true&_nocache=160616913028934965 HTTP/1.1" 200 1444
::1 - - [24/Nov/2020:00:07:20 +0200] "POST /phpmyadmin/import.php HTTP/1.1" 200 7925
::1 - - [24/Nov/2020:00:07:21 +0200] "POST /phpmyadmin/navigation.php?ajax_request=1 HTTP/1.1" 200 2273
::1 - - [24/Nov/2020:00:07:21 +0200] "GET /phpmyadmin/index.php?ajax_request=1&recent_table=1&no_debug=true&_nocache=1606169241977142302 HTTP/1.1" 200 1444
::1 - - [24/Nov/2020:00:07:25 +0200] "GET /phpmyadmin/sql.php?db=b%C5%ABvvalde&table=Buvvaldes_db&pos=0&ajax_request=true&ajax_page_request=true&_nocache=1606169245542914584 HTTP/1.1" 200 5722
::1 - - [24/Nov/2020:00:07:26 +0200] "GET /phpmyadmin/index.php?ajax_request=1&recent_table=1&no_debug=true&_nocache=1606169246095928189 HTTP/1.1" 200 1444
::1 - - [24/Nov/2020:00:07:40 +0200] "GET / HTTP/1.1" 200 324
::1 - - [24/Nov/2020:00:07:42 +0200] "GET / HTTP/1.1" 200 324
::1 - - [24/Nov/2020:00:07:46 +0200] "GET / HTTP/1.1" 200 324
::1 - - [24/Nov/2020:09:04:55 +0200] "POST /phpmyadmin/index.php HTTP/1.1" 200 73
::1 - - [24/Nov/2020:09:04:55 +0200] "GET /phpmyadmin/sql.php?db=b%C5%ABvvalde&table=Buvvaldes_db&pos=0 HTTP/1.1" 200 3402
::1 - - [24/Nov/2020:09:04:55 +0200] "GET /phpmyadmin/js/codemirror/lib/codemirror.css?v=4.7.5 HTTP/1.1" 304 -
::1 - - [24/Nov/2020:09:04:55 +0200] "GET /phpmyadmin/themes/pmahomme/jquery/jquery-ui.css HTTP/1.1" 304 -
::1 - - [24/Nov/2020:09:04:55 +0200] "GET /phpmyadmin/js/codemirror/addon/hint/show-hint.css?v=4.7.5 HTTP/1.1" 304 -
::1 - - [24/Nov/2020:09:04:55 +0200] "GET /phpmyadmin/js/codemirror/addon/lint/lint.css?v=4.7.5 HTTP/1.1" 304 -
::1 - - [24/Nov/2020:09:04:55 +0200] "GET /phpmyadmin/phpmyadmin.css.php?nocache=4817426083ltr&server=1 HTTP/1.1" 200 20133
::1 - - [24/Nov/2020:09:04:55 +0200] "GET /phpmyadmin/js/get_scripts.js.php?scripts%5B%5D=jquery/jquery.min.js&scripts%5B%5D=jquery/jquery-migrate-3.0.0.js&scripts%5B%5D=sprintf.js&scripts%5B%5D=ajax.js&scripts%5B%5D=keyhandler.js&scripts%5B%5D=jquery/jquery-ui.min.js&scripts%5B%5D=jquery/jquery.cookie.js&scripts%5B%5D=jquery/jquery.mousewheel.js&scripts%5B%5D=jquery/jquery.event.drag-2.2.js&scripts%5B%5D=jquery/jquery-ui-timepicker-addon.js&v=4.7.5 HTTP/1.1" 200 138876
::1 - - [24/Nov/2020:09:04:55 +0200] "GET /phpmyadmin/js/get_scripts.js.php?scripts%5B%5D=jquery/jquery.ba-hashchange-1.3.js&scripts%5B%5D=jquery/jquery.debounce-1.0.5.js&scripts%5B%5D=menu-resizer.js&scripts%5B%5D=cross_framing_protection.js&scripts%5B%5D=rte.js&scripts%5B%5D=tracekit/tracekit.js&scripts%5B%5D=error_report.js&scripts%5B%5D=config.js&scripts%5B%5D=doclinks.js&scripts%5B%5D=functions.js&v=4.7.5 HTTP/1.1" 200 77087
::1 - - [24/Nov/2020:09:04:56 +0200] "GET /phpmyadmin/js/get_scripts.js.php?scripts%5B%5D=navigation.js&scripts%5B%5D=indexes.js&scripts%5B%5D=common.js&scripts%5B%5D=page_settings.js&scripts%5B%5D=shortcuts_handler.js&scripts%5B%5D=codemirror/lib/codemirror.js&scripts%5B%5D=codemirror/mode/sql/sql.js&scripts%5B%5D=codemirror/addon/runmode/runmode.js&scripts%5B%5D=codemirror/addon/hint/show-hint.js&scripts%5B%5D=codemirror/addon/hint/sql-hint.js&v=4.7.5 HTTP/1.1" 200 135447
::1 - - [24/Nov/2020:09:04:56 +0200] "GET /phpmyadmin/js/get_scripts.js.php?scripts%5B%5D=codemirror/addon/lint/lint.js&scripts%5B%5D=codemirror/addon/lint/sql-lint.js&scripts%5B%5D=console.js&v=4.7.5 HTTP/1.1" 200 13176
::1 - - [24/Nov/2020:09:04:56 +0200] "GET /phpmyadmin/js/whitelist.php?v=4.7.5 HTTP/1.1" 200 475
::1 - - [24/Nov/2020:09:04:56 +0200] "GET /phpmyadmin/js/messages.php?l=en&v=4.7.5 HTTP/1.1" 200 8692
::1 - - [24/Nov/2020:09:04:56 +0200] "GET /phpmyadmin/themes/pmahomme/img/logo_right.png HTTP/1.1" 304 -
::1 - - [24/Nov/2020:09:04:56 +0200] "GET /phpmyadmin/themes/dot.gif HTTP/1.1" 304 -
::1 - - [24/Nov/2020:09:04:56 +0200] "GET /phpmyadmin/themes/pmahomme/css/printview.css?v=4.7.5 HTTP/1.1" 304 -
::1 - - [24/Nov/2020:09:04:56 +0200] "GET /phpmyadmin/js/get_image.js.php?theme=pmahomme&v=4.7.5 HTTP/1.1" 200 1841
::1 - - [24/Nov/2020:09:05:06 +0200] "GET /phpmyadmin/themes/pmahomme/img/sprites.png?v=4.7.5 HTTP/1.1" 304 -
::1 - - [24/Nov/2020:09:05:06 +0200] "GET /phpmyadmin/favicon.ico HTTP/1.1" 200 22486
::1 - - [24/Nov/2020:09:10:47 +0200] "POST /phpmyadmin/index.php HTTP/1.1" 302 25
::1 - - [24/Nov/2020:09:10:47 +0200] "GET /phpmyadmin/index.php?db=b%C5%ABvvalde&table=Buvvaldes_db&target=sql.php HTTP/1.1" 200 11341
::1 - - [24/Nov/2020:09:10:48 +0200] "GET /phpmyadmin/js/get_scripts.js.php?scripts%5B%5D=navigation.js&scripts%5B%5D=indexes.js&scripts%5B%5D=common.js&scripts%5B%5D=page_settings.js&scripts%5B%5D=shortcuts_handler.js&scripts%5B%5D=jquery/jquery.uitablefilter.js&scripts%5B%5D=tbl_change.js&scripts%5B%5D=gis_data_editor.js&scripts%5B%5D=multi_column_sort.js&scripts%5B%5D=makegrid.js&v=4.7.5 HTTP/1.1" 200 51992
::1 - - [24/Nov/2020:09:10:48 +0200] "GET /phpmyadmin/phpmyadmin.css.php?nocache=6423595041ltr&server=1 HTTP/1.1" 200 20133
::1 - - [24/Nov/2020:09:10:48 +0200] "GET /phpmyadmin/themes/pmahomme/img/logo_left.png HTTP/1.1" 304 -
::1 - - [24/Nov/2020:09:10:48 +0200] "GET /phpmyadmin/themes/pmahomme/img/ajax_clock_small.gif HTTP/1.1" 304 -
::1 - - [24/Nov/2020:09:10:48 +0200] "GET /phpmyadmin/themes/pmahomme/img/s_collapseall.png HTTP/1.1" 304 -
::1 - - [24/Nov/2020:09:10:48 +0200] "GET /phpmyadmin/js/get_scripts.js.php?scripts%5B%5D=sql.js&scripts%5B%5D=codemirror/lib/codemirror.js&scripts%5B%5D=codemirror/mode/sql/sql.js&scripts%5B%5D=codemirror/addon/runmode/runmode.js&scripts%5B%5D=codemirror/addon/hint/show-hint.js&scripts%5B%5D=codemirror/addon/hint/sql-hint.js&scripts%5B%5D=codemirror/addon/lint/lint.js&scripts%5B%5D=codemirror/addon/lint/sql-lint.js&scripts%5B%5D=console.js&v=4.7.5 HTTP/1.1" 200 134698
::1 - - [24/Nov/2020:09:10:48 +0200] "GET /phpmyadmin/themes/pmahomme/img/left_nav_bg.png HTTP/1.1" 304 -
::1 - - [24/Nov/2020:09:10:49 +0200] "GET /phpmyadmin/themes/pmahomme/img/col_pointer.png HTTP/1.1" 304 -
::1 - - [24/Nov/2020:09:10:48 +0200] "POST /phpmyadmin/navigation.php?ajax_request=1 HTTP/1.1" 200 1970
::1 - - [24/Nov/2020:09:10:48 +0200] "GET /phpmyadmin/index.php?ajax_request=1&recent_table=1&no_debug=true&_nocache=1606201848994266072 HTTP/1.1" 200 1445
::1 - - [24/Nov/2020:09:10:49 +0200] "GET /phpmyadmin/navigation.php?ajax_request=1&aPath=cm9vdA%3D%3D.YsWrdnZhbGRl&vPath=cm9vdA%3D%3D.YsWrdnZhbGRl&pos=0&pos2_name=&pos2_value=&searchClause=&searchClause2=&_nocache=1606201849154641104 HTTP/1.1" 200 1713
::1 - - [24/Nov/2020:09:11:08 +0200] "GET /phpmyadmin/tbl_import.php?db=b%C5%ABvvalde&table=Buvvaldes_db&ajax_request=true&ajax_page_request=true&_nocache=1606201868734359651 HTTP/1.1" 200 6381
::1 - - [24/Nov/2020:09:11:09 +0200] "GET /phpmyadmin/js/get_scripts.js.php?scripts%5B%5D=import.js&call_done=1&v=4.7.5&call_done=1&v=4.7.5 HTTP/1.1" 200 1699
::1 - - [24/Nov/2020:09:11:09 +0200] "GET /phpmyadmin/index.php?ajax_request=1&recent_table=1&no_debug=true&_nocache=1606201869237247150 HTTP/1.1" 200 1445
::1 - - [24/Nov/2020:09:11:31 +0200] "POST /phpmyadmin/import.php HTTP/1.1" 200 7926
::1 - - [24/Nov/2020:09:11:32 +0200] "POST /phpmyadmin/navigation.php?ajax_request=1 HTTP/1.1" 200 2179
::1 - - [24/Nov/2020:09:11:33 +0200] "GET /phpmyadmin/index.php?ajax_request=1&recent_table=1&no_debug=true&_nocache=1606201893021603724 HTTP/1.1" 200 1445
::1 - - [24/Nov/2020:09:11:34 +0200] "GET /phpmyadmin/sql.php?db=b%C5%ABvvalde&table=Buvvaldes_db&pos=0&ajax_request=true&ajax_page_request=true&_nocache=160620189480378196 HTTP/1.1" 200 5767
::1 - - [24/Nov/2020:09:11:35 +0200] "GET /phpmyadmin/js/get_scripts.js.php?scripts%5B%5D=jquery/jquery.uitablefilter.js&scripts%5B%5D=tbl_change.js&scripts%5B%5D=gis_data_editor.js&scripts%5B%5D=multi_column_sort.js&scripts%5B%5D=makegrid.js&scripts%5B%5D=sql.js&call_done=1&v=4.7.5&call_done=1&v=4.7.5 HTTP/1.1" 200 38777
::1 - - [24/Nov/2020:09:11:35 +0200] "GET /phpmyadmin/index.php?ajax_request=1&recent_table=1&no_debug=true&_nocache=1606201895463863047 HTTP/1.1" 200 1445
::1 - - [24/Nov/2020:09:12:10 +0200] "GET /phpmyadmin/tbl_structure.php?db=b%C5%ABvvalde&table=Buvvaldes_db&ajax_request=true&ajax_page_request=true&_nocache=1606201930241966309 HTTP/1.1" 200 5789
::1 - - [24/Nov/2020:09:12:10 +0200] "GET /phpmyadmin/themes/pmahomme/img/arrow_ltr.png HTTP/1.1" 304 -
::1 - - [24/Nov/2020:09:12:10 +0200] "GET /phpmyadmin/js/get_scripts.js.php?scripts%5B%5D=tbl_structure.js&call_done=1&v=4.7.5&call_done=1&v=4.7.5 HTTP/1.1" 200 5241
::1 - - [24/Nov/2020:09:12:10 +0200] "GET /phpmyadmin/index.php?ajax_request=1&recent_table=1&no_debug=true&_nocache=1606201930866972930 HTTP/1.1" 200 1445
::1 - - [24/Nov/2020:09:12:14 +0200] "GET /phpmyadmin/tbl_sql.php?db=b%C5%ABvvalde&table=Buvvaldes_db&ajax_request=true&ajax_page_request=true&_nocache=1606201934787513766 HTTP/1.1" 200 4481
::1 - - [24/Nov/2020:09:12:15 +0200] "GET /phpmyadmin/index.php?ajax_request=1&recent_table=1&no_debug=true&_nocache=1606201935381800863 HTTP/1.1" 200 1445
::1 - - [24/Nov/2020:09:12:15 +0200] "POST /phpmyadmin/lint.php HTTP/1.1" 200 28
::1 - - [24/Nov/2020:09:12:17 +0200] "GET /phpmyadmin/sql.php?db=b%C5%ABvvalde&table=Buvvaldes_db&pos=0&ajax_request=true&ajax_page_request=true&_nocache=1606201937069449519 HTTP/1.1" 200 5767
::1 - - [24/Nov/2020:09:12:17 +0200] "GET /phpmyadmin/index.php?ajax_request=1&recent_table=1&no_debug=true&_nocache=1606201937578117310 HTTP/1.1" 200 1445
::1 - - [24/Nov/2020:09:12:18 +0200] "GET /phpmyadmin/db_structure.php?server=1&db=b%C5%ABvvalde&ajax_request=true&ajax_page_request=true&_nocache=1606201938392861684 HTTP/1.1" 200 4653
::1 - - [24/Nov/2020:09:12:18 +0200] "GET /phpmyadmin/js/get_scripts.js.php?scripts%5B%5D=db_structure.js&call_done=1&v=4.7.5&call_done=1&v=4.7.5 HTTP/1.1" 200 4241
::1 - - [24/Nov/2020:09:12:22 +0200] "GET /phpmyadmin/themes/pmahomme/jquery/images/ui-bg_highlight-soft_75_cccccc_1x100.png HTTP/1.1" 304 -
::1 - - [24/Nov/2020:09:12:22 +0200] "GET /phpmyadmin/themes/pmahomme/jquery/images/ui-icons_888888_256x240.png HTTP/1.1" 304 -
::1 - - [24/Nov/2020:09:12:22 +0200] "GET /phpmyadmin/themes/pmahomme/jquery/images/ui-bg_glass_75_e6e6e6_1x400.png HTTP/1.1" 304 -
::1 - - [24/Nov/2020:09:12:22 +0200] "GET /phpmyadmin/themes/pmahomme/jquery/images/ui-icons_222222_256x240.png HTTP/1.1" 304 -
::1 - - [24/Nov/2020:09:12:22 +0200] "GET /phpmyadmin/themes/pmahomme/jquery/images/ui-bg_glass_75_dadada_1x400.png HTTP/1.1" 304 -
::1 - - [24/Nov/2020:09:12:22 +0200] "GET /phpmyadmin/sql.php?ajax_request=true&token=608cc969e8688411bd6d3777ef880ec5&server=1&get_default_fk_check_value=true&_nocache=1606201942545730488 HTTP/1.1" 200 3740
::1 - - [24/Nov/2020:09:12:24 +0200] "GET /phpmyadmin/themes/pmahomme/jquery/images/ui-bg_glass_65_ffffff_1x400.png HTTP/1.1" 304 -
::1 - - [24/Nov/2020:09:12:24 +0200] "POST /phpmyadmin/sql.php?db=b%C5%ABvvalde&goto=db_structure.php&table=buvvaldes_db&sql_query=TRUNCATE+%60buvvaldes_db%60&message_to_show=Table+buvvaldes_db+has+been+emptied. HTTP/1.1" 200 1868
::1 - - [24/Nov/2020:09:12:31 +0200] "GET /phpmyadmin/sql.php?db=b%C5%ABvvalde&goto=db_structure.php&table=buvvaldes_db&pos=0&ajax_request=true&ajax_page_request=true&_nocache=1606201951321812571 HTTP/1.1" 200 4527
::1 - - [24/Nov/2020:09:12:31 +0200] "GET /phpmyadmin/index.php?ajax_request=1&recent_table=1&no_debug=true&_nocache=1606201951723478140 HTTP/1.1" 200 1449
::1 - - [24/Nov/2020:09:12:34 +0200] "GET /phpmyadmin/tbl_import.php?db=b%C5%ABvvalde&table=buvvaldes_db&ajax_request=true&ajax_page_request=true&_nocache=1606201954304733401 HTTP/1.1" 200 6382
::1 - - [24/Nov/2020:09:12:34 +0200] "GET /phpmyadmin/index.php?ajax_request=1&recent_table=1&no_debug=true&_nocache=1606201954795820998 HTTP/1.1" 200 1449
::1 - - [24/Nov/2020:09:12:55 +0200] "GET /phpmyadmin/tbl_structure.php?db=b%C5%ABvvalde&table=buvvaldes_db&ajax_request=true&ajax_page_request=true&_nocache=1606201974968835086 HTTP/1.1" 200 5266
::1 - - [24/Nov/2020:09:12:55 +0200] "GET /phpmyadmin/index.php?ajax_request=1&recent_table=1&no_debug=true&_nocache=1606201975409284067 HTTP/1.1" 200 1449
::1 - - [24/Nov/2020:09:12:57 +0200] "GET /phpmyadmin/sql.php?db=b%C5%ABvvalde&table=buvvaldes_db&pos=0&ajax_request=true&ajax_page_request=true&_nocache=1606201977286355614 HTTP/1.1" 200 4525
::1 - - [24/Nov/2020:09:12:57 +0200] "GET /phpmyadmin/index.php?ajax_request=1&recent_table=1&no_debug=true&_nocache=1606201977626536355 HTTP/1.1" 200 1449
::1 - - [24/Nov/2020:09:12:59 +0200] "GET /phpmyadmin/tbl_structure.php?db=b%C5%ABvvalde&table=buvvaldes_db&ajax_request=true&ajax_page_request=true&_nocache=16062019793904324 HTTP/1.1" 200 5266
::1 - - [24/Nov/2020:09:12:59 +0200] "GET /phpmyadmin/index.php?ajax_request=1&recent_table=1&no_debug=true&_nocache=1606201979835649177 HTTP/1.1" 200 1449
::1 - - [24/Nov/2020:09:13:10 +0200] "POST /phpmyadmin/sql.php?db=b%C5%ABvvalde&table=buvvaldes_db&goto=tbl_structure.php&back=tbl_structure.php&sql_query=ALTER+TABLE+%60buvvaldes_db%60+DROP+%60ID%60%3B&dropped_column=ID&purge=1&message_to_show=Column+ID+has+been+dropped. HTTP/1.1" 200 190
::1 - - [24/Nov/2020:09:13:19 +0200] "POST /phpmyadmin/tbl_structure.php HTTP/1.1" 200 2634
::1 - - [24/Nov/2020:09:13:20 +0200] "GET /phpmyadmin/index.php?ajax_request=1&recent_table=1&no_debug=true&_nocache=1606202000115799366 HTTP/1.1" 200 1449
::1 - - [24/Nov/2020:09:13:22 +0200] "GET /phpmyadmin/sql.php?server=1&db=b%C5%ABvvalde&table=buvvaldes_db&pos=0&ajax_request=true&ajax_page_request=true&_nocache=1606202002125469962 HTTP/1.1" 200 4526
::1 - - [24/Nov/2020:09:13:22 +0200] "GET /phpmyadmin/index.php?ajax_request=1&recent_table=1&no_debug=true&_nocache=1606202002565881008 HTTP/1.1" 200 1449
::1 - - [24/Nov/2020:09:13:34 +0200] "GET /phpmyadmin/sql.php?server=1&db=b%C5%ABvvalde&table=buvvaldes_db&pos=0&ajax_request=true&ajax_page_request=true&_nocache=1606202014594208761 HTTP/1.1" 200 4528
::1 - - [24/Nov/2020:09:13:35 +0200] "GET /phpmyadmin/index.php?ajax_request=1&recent_table=1&no_debug=true&_nocache=1606202015005853088 HTTP/1.1" 200 1449
::1 - - [24/Nov/2020:09:13:35 +0200] "GET /phpmyadmin/tbl_structure.php?db=b%C5%ABvvalde&table=buvvaldes_db&ajax_request=true&ajax_page_request=true&_nocache=1606202015550123365 HTTP/1.1" 200 5266
::1 - - [24/Nov/2020:09:13:35 +0200] "GET /phpmyadmin/index.php?ajax_request=1&recent_table=1&no_debug=true&_nocache=1606202015928473540 HTTP/1.1" 200 1449
::1 - - [24/Nov/2020:09:13:58 +0200] "POST /phpmyadmin/tbl_addfield.php HTTP/1.1" 200 34576
::1 - - [24/Nov/2020:09:13:59 +0200] "GET /phpmyadmin/index.php?ajax_request=1&recent_table=1&no_debug=true&_nocache=1606202039567365359 HTTP/1.1" 200 1449
::1 - - [24/Nov/2020:09:37:55 +0200] "POST /phpmyadmin/index.php HTTP/1.1" 200 1433
::1 - - [24/Nov/2020:09:43:13 +0200] "POST /phpmyadmin/index.php HTTP/1.1" 200 1433
::1 - - [24/Nov/2020:09:43:15 +0200] "POST /phpmyadmin/index.php HTTP/1.1" 200 73
::1 - - [24/Nov/2020:09:43:15 +0200] "GET /phpmyadmin/tbl_structure.php?db=b%C5%ABvvalde&table=buvvaldes_db HTTP/1.1" 200 3405
::1 - - [24/Nov/2020:09:43:16 +0200] "GET /phpmyadmin/favicon.ico HTTP/1.1" 200 22486
::1 - - [24/Nov/2020:14:17:53 +0200] "GET /phpmyadmin/tbl_structure.php?db=b%C5%ABvvalde&table=buvvaldes_db HTTP/1.1" 200 3405
::1 - - [24/Nov/2020:14:20:01 +0200] "POST /search.php HTTP/1.1" 200 229
::1 - - [24/Nov/2020:14:20:08 +0200] "POST /search.php HTTP/1.1" 200 229
::1 - - [24/Nov/2020:14:20:37 +0200] "POST /search.php HTTP/1.1" 200 96
::1 - - [24/Nov/2020:14:22:11 +0200] "POST /phpmyadmin/index.php HTTP/1.1" 302 25
::1 - - [24/Nov/2020:14:22:11 +0200] "GET /phpmyadmin/index.php?db=b%C5%ABvvalde&table=buvvaldes_db&target=tbl_structure.php HTTP/1.1" 200 10871
::1 - - [24/Nov/2020:14:22:14 +0200] "POST /phpmyadmin/index.php HTTP/1.1" 200 13230
::1 - - [24/Nov/2020:14:22:15 +0200] "GET /phpmyadmin/js/get_scripts.js.php?scripts%5B%5D=jquery/jquery.min.js&scripts%5B%5D=jquery/jquery-migrate-3.0.0.js&scripts%5B%5D=sprintf.js&scripts%5B%5D=ajax.js&scripts%5B%5D=keyhandler.js&scripts%5B%5D=jquery/jquery-ui.min.js&scripts%5B%5D=jquery/jquery.cookie.js&scripts%5B%5D=jquery/jquery.mousewheel.js&scripts%5B%5D=jquery/jquery.event.drag-2.2.js&scripts%5B%5D=jquery/jquery-ui-timepicker-addon.js&v=4.7.5 HTTP/1.1" 200 138876
::1 - - [24/Nov/2020:14:22:15 +0200] "GET /phpmyadmin/phpmyadmin.css.php?nocache=6423595041ltr&server=1 HTTP/1.1" 200 20133
::1 - - [24/Nov/2020:14:22:15 +0200] "GET /phpmyadmin/js/get_scripts.js.php?scripts%5B%5D=jquery/jquery.ba-hashchange-1.3.js&scripts%5B%5D=jquery/jquery.debounce-1.0.5.js&scripts%5B%5D=menu-resizer.js&scripts%5B%5D=cross_framing_protection.js&scripts%5B%5D=rte.js&scripts%5B%5D=tracekit/tracekit.js&scripts%5B%5D=error_report.js&scripts%5B%5D=config.js&scripts%5B%5D=doclinks.js&scripts%5B%5D=functions.js&v=4.7.5 HTTP/1.1" 200 77087
::1 - - [24/Nov/2020:14:22:15 +0200] "GET /phpmyadmin/js/get_scripts.js.php?scripts%5B%5D=codemirror/addon/lint/lint.js&scripts%5B%5D=codemirror/addon/lint/sql-lint.js&scripts%5B%5D=console.js&v=4.7.5 HTTP/1.1" 200 13176
::1 - - [24/Nov/2020:14:22:15 +0200] "GET /phpmyadmin/js/get_scripts.js.php?scripts%5B%5D=navigation.js&scripts%5B%5D=indexes.js&scripts%5B%5D=common.js&scripts%5B%5D=page_settings.js&scripts%5B%5D=shortcuts_handler.js&scripts%5B%5D=codemirror/lib/codemirror.js&scripts%5B%5D=codemirror/mode/sql/sql.js&scripts%5B%5D=codemirror/addon/runmode/runmode.js&scripts%5B%5D=codemirror/addon/hint/show-hint.js&scripts%5B%5D=codemirror/addon/hint/sql-hint.js&v=4.7.5 HTTP/1.1" 200 135447
::1 - - [24/Nov/2020:14:22:15 +0200] "GET /phpmyadmin/js/whitelist.php?v=4.7.5 HTTP/1.1" 200 475
::1 - - [24/Nov/2020:14:22:15 +0200] "GET /phpmyadmin/js/messages.php?l=en&v=4.7.5 HTTP/1.1" 200 8692
::1 - - [24/Nov/2020:14:22:16 +0200] "GET /phpmyadmin/js/get_image.js.php?theme=pmahomme&v=4.7.5 HTTP/1.1" 200 1841
::1 - - [24/Nov/2020:14:22:18 +0200] "POST /phpmyadmin/navigation.php?ajax_request=1 HTTP/1.1" 200 1979
::1 - - [24/Nov/2020:14:22:18 +0200] "POST /phpmyadmin/version_check.php HTTP/1.1" 200 62
::1 - - [24/Nov/2020:14:22:24 +0200] "GET /phpmyadmin/db_structure.php?server=1&db=b%C5%ABvvalde&ajax_request=true&ajax_page_request=true&_nocache=1606220544610653029 HTTP/1.1" 200 4655
::1 - - [24/Nov/2020:14:22:25 +0200] "GET /phpmyadmin/db_structure.php?server=1&db=b%C5%ABvvalde&ajax_request=true&ajax_page_request=true&_nocache=1606220545483601355 HTTP/1.1" 200 4655
::1 - - [24/Nov/2020:14:22:25 +0200] "GET /phpmyadmin/navigation.php?ajax_request=1&aPath=cm9vdA%3D%3D.YsWrdnZhbGRl&vPath=cm9vdA%3D%3D.YsWrdnZhbGRl&pos=0&pos2_name=&pos2_value=&searchClause=&searchClause2=&_nocache=1606220545697388606 HTTP/1.1" 200 1715
::1 - - [24/Nov/2020:14:22:25 +0200] "GET /phpmyadmin/js/get_scripts.js.php?scripts%5B%5D=db_structure.js&scripts%5B%5D=tbl_change.js&call_done=1&v=4.7.5&call_done=1&v=4.7.5 HTTP/1.1" 200 10875
::1 - - [24/Nov/2020:14:22:29 +0200] "GET /phpmyadmin/sql.php?db=b%C5%ABvvalde&goto=db_structure.php&table=buvvaldes_db&pos=0&ajax_request=true&ajax_page_request=true&_nocache=1606220549945626686 HTTP/1.1" 200 4527
::1 - - [24/Nov/2020:14:22:31 +0200] "GET /phpmyadmin/js/get_scripts.js.php?scripts%5B%5D=jquery/jquery.uitablefilter.js&scripts%5B%5D=gis_data_editor.js&scripts%5B%5D=multi_column_sort.js&call_done=1&v=4.7.5&call_done=1&v=4.7.5 HTTP/1.1" 200 5822
::1 - - [24/Nov/2020:14:22:31 +0200] "GET /phpmyadmin/index.php?ajax_request=1&recent_table=1&no_debug=true&_nocache=1606220551349523267 HTTP/1.1" 200 1451
::1 - - [24/Nov/2020:14:22:34 +0200] "GET /phpmyadmin/sql.php?server=1&db=b%C5%ABvvalde&table=buvvaldes_db&pos=0&ajax_request=true&ajax_page_request=true&_nocache=1606220554862800400 HTTP/1.1" 200 4527
::1 - - [24/Nov/2020:14:22:35 +0200] "GET /phpmyadmin/index.php?ajax_request=1&recent_table=1&no_debug=true&_nocache=1606220555257338754 HTTP/1.1" 200 1451
::1 - - [24/Nov/2020:14:22:36 +0200] "GET /phpmyadmin/db_structure.php?server=1&db=b%C5%ABvvalde&ajax_request=true&ajax_page_request=true&_nocache=1606220556505593893 HTTP/1.1" 200 4655
::1 - - [24/Nov/2020:14:22:39 +0200] "GET /phpmyadmin/sql.php?ajax_request=true&token=58f290406d8398c7f0a233380254f54c&server=1&get_default_fk_check_value=true&_nocache=1606220559927709480 HTTP/1.1" 200 3741
::1 - - [24/Nov/2020:14:22:44 +0200] "POST /phpmyadmin/sql.php?db=b%C5%ABvvalde&goto=db_structure.php&table=buvvaldes_db&reload=1&purge=1&sql_query=DROP+TABLE+%60buvvaldes_db%60&message_to_show=Table+buvvaldes_db+has+been+dropped. HTTP/1.1" 200 1852
::1 - - [24/Nov/2020:14:22:44 +0200] "POST /phpmyadmin/navigation.php?ajax_request=1 HTTP/1.1" 200 1990
::1 - - [24/Nov/2020:14:22:47 +0200] "GET /phpmyadmin/server_databases.php?server=1&ajax_request=true&ajax_page_request=true&_nocache=1606220567381161419 HTTP/1.1" 200 5708
::1 - - [24/Nov/2020:14:22:47 +0200] "GET /phpmyadmin/js/get_scripts.js.php?scripts%5B%5D=server_databases.js&call_done=1&v=4.7.5&call_done=1&v=4.7.5 HTTP/1.1" 200 2154
::1 - - [24/Nov/2020:14:23:19 +0200] "POST /phpmyadmin/server_databases.php HTTP/1.1" 200 1771
::1 - - [24/Nov/2020:14:23:19 +0200] "POST /phpmyadmin/navigation.php?ajax_request=1 HTTP/1.1" 200 1990
::1 - - [24/Nov/2020:14:23:19 +0200] "GET /phpmyadmin/db_structure.php?db=buvvalde&db=buvvalde&ajax_request=true&ajax_page_request=true&_nocache=160622059965376528 HTTP/1.1" 200 2746
::1 - - [24/Nov/2020:14:23:19 +0200] "POST /phpmyadmin/server_databases.php HTTP/1.1" 200 168
::1 - - [24/Nov/2020:14:23:26 +0200] "GET /phpmyadmin/db_structure.php?server=1&db=b%C5%ABvvalde&ajax_request=true&ajax_page_request=true&_nocache=1606220606450998656 HTTP/1.1" 200 2757
::1 - - [24/Nov/2020:14:23:31 +0200] "GET /phpmyadmin/server_databases.php?server=1&ajax_request=true&ajax_page_request=true&_nocache=1606220611808632037 HTTP/1.1" 200 5766
::1 - - [24/Nov/2020:14:23:41 +0200] "POST /phpmyadmin/server_databases.php?pos=0&dbstats=&sort_by=SCHEMA_NAME&sort_order=asc&token=58f290406d8398c7f0a233380254f54c&selected_dbs%5B%5D=b%C5%ABvvalde&drop_selected_dbs=1&is_js_confirmed=1&ajax_request=true HTTP/1.1" 200 1443
::1 - - [24/Nov/2020:14:23:41 +0200] "POST /phpmyadmin/navigation.php?ajax_request=1 HTTP/1.1" 200 1982
::1 - - [24/Nov/2020:14:23:46 +0200] "GET /phpmyadmin/db_structure.php?server=1&db=buvvalde&ajax_request=true&ajax_page_request=true&_nocache=1606220626328488764 HTTP/1.1" 200 2746
::1 - - [24/Nov/2020:14:23:46 +0200] "GET /phpmyadmin/navigation.php?ajax_request=1&aPath=cm9vdA%3D%3D.YnV2dmFsZGU%3D&vPath=cm9vdA%3D%3D.YnV2dmFsZGU%3D&pos=0&pos2_name=&pos2_value=&searchClause=&searchClause2=&_nocache=1606220626687892059 HTTP/1.1" 200 1385
::1 - - [24/Nov/2020:14:24:00 +0200] "POST /phpmyadmin/tbl_create.php HTTP/1.1" 200 40620
::1 - - [24/Nov/2020:14:24:02 +0200] "GET /phpmyadmin/index.php?ajax_request=1&recent_table=1&no_debug=true&_nocache=1606220642015190384 HTTP/1.1" 200 1451
::1 - - [24/Nov/2020:14:28:32 +0200] "POST /phpmyadmin/tbl_structure.php HTTP/1.1" 200 95
::1 - - [24/Nov/2020:14:28:32 +0200] "POST /phpmyadmin/tbl_create.php HTTP/1.1" 200 1740
::1 - - [24/Nov/2020:14:28:33 +0200] "GET /phpmyadmin/db_structure.php?server=1&db=buvvalde&table=Buvvaldes_db&ajax_request=true&ajax_page_request=true&_nocache=1606220913202411895 HTTP/1.1" 200 4636
::1 - - [24/Nov/2020:14:28:33 +0200] "POST /phpmyadmin/navigation.php?ajax_request=1 HTTP/1.1" 200 2188
::1 - - [24/Nov/2020:14:28:33 +0200] "GET /phpmyadmin/tbl_structure.php?server=1&db=buvvalde&token=58f290406d8398c7f0a233380254f54c&goto=db_structure.php&table=Buvvaldes_db&ajax_request=true&ajax_page_request=true&_nocache=1606220913224537860 HTTP/1.1" 200 7463
::1 - - [24/Nov/2020:14:28:33 +0200] "GET /phpmyadmin/index.php?ajax_request=1&recent_table=1&no_debug=true&_nocache=1606220913599520931 HTTP/1.1" 200 1461
::1 - - [24/Nov/2020:14:28:34 +0200] "GET /phpmyadmin/js/get_scripts.js.php?scripts%5B%5D=tbl_structure.js&call_done=1&v=4.7.5&call_done=1&v=4.7.5 HTTP/1.1" 200 5241
::1 - - [24/Nov/2020:14:28:34 +0200] "GET /phpmyadmin/index.php?ajax_request=1&recent_table=1&no_debug=true&_nocache=1606220914275573222 HTTP/1.1" 200 1461
::1 - - [24/Nov/2020:14:28:37 +0200] "GET /phpmyadmin/sql.php?db=buvvalde&table=Buvvaldes_db&pos=0&ajax_request=true&ajax_page_request=true&_nocache=1606220917936671949 HTTP/1.1" 200 4687
::1 - - [24/Nov/2020:14:28:39 +0200] "GET /phpmyadmin/index.php?ajax_request=1&recent_table=1&no_debug=true&_nocache=1606220918996221395 HTTP/1.1" 200 1461
::1 - - [24/Nov/2020:14:28:41 +0200] "GET /phpmyadmin/tbl_structure.php?db=buvvalde&table=Buvvaldes_db&ajax_request=true&ajax_page_request=true&_nocache=1606220921877530557 HTTP/1.1" 200 7465
::1 - - [24/Nov/2020:14:28:42 +0200] "GET /phpmyadmin/index.php?ajax_request=1&recent_table=1&no_debug=true&_nocache=1606220922435643409 HTTP/1.1" 200 1461
::1 - - [24/Nov/2020:14:31:03 +0200] "GET /phpmyadmin/tbl_structure.php?db=buvvalde&table=Buvvaldes_db HTTP/1.1" 200 13084
::1 - - [24/Nov/2020:14:31:03 +0200] "GET /phpmyadmin/js/get_scripts.js.php?scripts%5B%5D=navigation.js&scripts%5B%5D=indexes.js&scripts%5B%5D=common.js&scripts%5B%5D=page_settings.js&scripts%5B%5D=shortcuts_handler.js&scripts%5B%5D=tbl_structure.js&scripts%5B%5D=codemirror/lib/codemirror.js&scripts%5B%5D=codemirror/mode/sql/sql.js&scripts%5B%5D=codemirror/addon/runmode/runmode.js&scripts%5B%5D=codemirror/addon/hint/show-hint.js&v=4.7.5 HTTP/1.1" 200 138057
::1 - - [24/Nov/2020:14:31:03 +0200] "GET /phpmyadmin/js/get_scripts.js.php?scripts%5B%5D=codemirror/addon/hint/sql-hint.js&scripts%5B%5D=codemirror/addon/lint/lint.js&scripts%5B%5D=codemirror/addon/lint/sql-lint.js&scripts%5B%5D=console.js&v=4.7.5 HTTP/1.1" 200 15284
::1 - - [24/Nov/2020:14:31:04 +0200] "POST /phpmyadmin/navigation.php?ajax_request=1 HTTP/1.1" 200 2188
::1 - - [24/Nov/2020:14:31:04 +0200] "GET /phpmyadmin/index.php?ajax_request=1&recent_table=1&no_debug=true&_nocache=1606221064341437535 HTTP/1.1" 200 1461
::1 - - [24/Nov/2020:14:31:04 +0200] "GET /phpmyadmin/favicon.ico HTTP/1.1" 200 22486
::1 - - [24/Nov/2020:14:31:07 +0200] "GET /phpmyadmin/db_structure.php?server=1&db=test&ajax_request=true&ajax_page_request=true&_nocache=1606221067424495987 HTTP/1.1" 200 4844
::1 - - [24/Nov/2020:14:31:07 +0200] "GET /phpmyadmin/navigation.php?ajax_request=1&aPath=cm9vdA%3D%3D.dGVzdA%3D%3D&vPath=cm9vdA%3D%3D.dGVzdA%3D%3D&pos=0&pos2_name=&pos2_value=&searchClause=&searchClause2=&_nocache=1606221067775380357 HTTP/1.1" 200 1751
::1 - - [24/Nov/2020:14:32:50 +0200] "GET /phpmyadmin/sql.php?ajax_request=true&token=58f290406d8398c7f0a233380254f54c&server=1&get_default_fk_check_value=true&_nocache=1606221170117967817 HTTP/1.1" 200 3741
::1 - - [24/Nov/2020:14:32:54 +0200] "POST /phpmyadmin/sql.php?db=test&goto=db_structure.php&table=buvvaldes_db&reload=1&purge=1&sql_query=DROP+TABLE+%60buvvaldes_db%60&message_to_show=Table+buvvaldes_db+has+been+dropped. HTTP/1.1" 200 1833
::1 - - [24/Nov/2020:14:32:54 +0200] "POST /phpmyadmin/navigation.php?ajax_request=1 HTTP/1.1" 200 2253
::1 - - [24/Nov/2020:14:32:59 +0200] "GET /phpmyadmin/db_structure.php?server=1&db=buvvalde&ajax_request=true&ajax_page_request=true&_nocache=1606221179781536412 HTTP/1.1" 200 4642
::1 - - [24/Nov/2020:14:33:07 +0200] "GET /phpmyadmin/db_import.php?db=buvvalde&ajax_request=true&ajax_page_request=true&_nocache=1606221187813754447 HTTP/1.1" 200 6039
::1 - - [24/Nov/2020:14:33:09 +0200] "GET /phpmyadmin/js/get_scripts.js.php?scripts%5B%5D=import.js&call_done=1&v=4.7.5&call_done=1&v=4.7.5 HTTP/1.1" 200 1699
::1 - - [24/Nov/2020:14:34:31 +0200] "POST /phpmyadmin/import.php HTTP/1.1" 200 62766
::1 - - [24/Nov/2020:14:34:34 +0200] "POST /phpmyadmin/navigation.php?ajax_request=1 HTTP/1.1" 200 2300
::1 - - [24/Nov/2020:14:34:44 +0200] "GET /phpmyadmin/sql.php?server=1&db=buvvalde&table=table+2&pos=0&ajax_request=true&ajax_page_request=true&_nocache=1606221284183675527 HTTP/1.1" 200 9299
::1 - - [24/Nov/2020:14:34:44 +0200] "GET /phpmyadmin/js/get_scripts.js.php?scripts%5B%5D=jquery/jquery.uitablefilter.js&scripts%5B%5D=tbl_change.js&scripts%5B%5D=gis_data_editor.js&scripts%5B%5D=multi_column_sort.js&scripts%5B%5D=makegrid.js&scripts%5B%5D=sql.js&call_done=1&v=4.7.5&call_done=1&v=4.7.5 HTTP/1.1" 200 38777
::1 - - [24/Nov/2020:14:34:45 +0200] "GET /phpmyadmin/index.php?ajax_request=1&recent_table=1&no_debug=true&_nocache=1606221285125659760 HTTP/1.1" 200 1474
::1 - - [24/Nov/2020:14:34:53 +0200] "GET /phpmyadmin/sql.php?server=1&db=buvvalde&table=buvvaldes_db&pos=0&ajax_request=true&ajax_page_request=true&_nocache=1606221293937342458 HTTP/1.1" 200 4704
::1 - - [24/Nov/2020:14:34:54 +0200] "GET /phpmyadmin/index.php?ajax_request=1&recent_table=1&no_debug=true&_nocache=160622129438850770 HTTP/1.1" 200 1477
::1 - - [24/Nov/2020:14:34:59 +0200] "GET /phpmyadmin/sql.php?server=1&db=buvvalde&table=table+2&pos=0&ajax_request=true&ajax_page_request=true&_nocache=1606221299813283591 HTTP/1.1" 200 9299
::1 - - [24/Nov/2020:14:35:00 +0200] "GET /phpmyadmin/index.php?ajax_request=1&recent_table=1&no_debug=true&_nocache=1606221300330136255 HTTP/1.1" 200 1477
::1 - - [24/Nov/2020:14:35:09 +0200] "GET /phpmyadmin/tbl_structure.php?db=buvvalde&table=table+2&ajax_request=true&ajax_page_request=true&_nocache=1606221309232561132 HTTP/1.1" 200 7267
::1 - - [24/Nov/2020:14:35:10 +0200] "GET /phpmyadmin/index.php?ajax_request=1&recent_table=1&no_debug=true&_nocache=1606221310041354453 HTTP/1.1" 200 1477
::1 - - [24/Nov/2020:14:35:26 +0200] "GET /phpmyadmin/db_structure.php?server=1&db=buvvalde&ajax_request=true&ajax_page_request=true&_nocache=1606221326613719003 HTTP/1.1" 200 4874
::1 - - [24/Nov/2020:14:35:27 +0200] "GET /phpmyadmin/js/get_scripts.js.php?scripts%5B%5D=db_structure.js&call_done=1&v=4.7.5&call_done=1&v=4.7.5 HTTP/1.1" 200 4241
::1 - - [24/Nov/2020:14:35:40 +0200] "GET /phpmyadmin/sql.php?ajax_request=true&token=58f290406d8398c7f0a233380254f54c&server=1&get_default_fk_check_value=true&_nocache=1606221340425865711 HTTP/1.1" 200 3741
::1 - - [24/Nov/2020:14:35:41 +0200] "POST /phpmyadmin/sql.php?db=buvvalde&goto=db_structure.php&table=buvvaldes_db&reload=1&purge=1&sql_query=DROP+TABLE+%60buvvaldes_db%60&message_to_show=Table+buvvaldes_db+has+been+dropped. HTTP/1.1" 200 1834
::1 - - [24/Nov/2020:14:35:42 +0200] "POST /phpmyadmin/navigation.php?ajax_request=1 HTTP/1.1" 200 2270
::1 - - [24/Nov/2020:14:36:15 +0200] "GET /phpmyadmin/db_sql.php?db=buvvalde&ajax_request=true&ajax_page_request=true&_nocache=1606221375079387982 HTTP/1.1" 200 4205
::1 - - [24/Nov/2020:14:36:16 +0200] "GET /phpmyadmin/db_structure.php?db=buvvalde&ajax_request=true&ajax_page_request=true&_nocache=1606221376458149106 HTTP/1.1" 200 4657
::1 - - [24/Nov/2020:14:36:17 +0200] "GET /phpmyadmin/db_structure.php?server=1&db=buvvalde&ajax_request=true&ajax_page_request=true&_nocache=1606221377701517703 HTTP/1.1" 200 4656
::1 - - [24/Nov/2020:14:36:19 +0200] "GET /phpmyadmin/sql.php?db=buvvalde&goto=db_structure.php&table=table%202&pos=0&ajax_request=true&ajax_page_request=true&_nocache=1606221379894408335 HTTP/1.1" 200 9290
::1 - - [24/Nov/2020:14:36:20 +0200] "GET /phpmyadmin/index.php?ajax_request=1&recent_table=1&no_debug=true&_nocache=1606221380465110062 HTTP/1.1" 200 1477
::1 - - [24/Nov/2020:14:36:26 +0200] "GET /phpmyadmin/db_structure.php?db=buvvalde&table=&server=1&target=&ajax_request=true&ajax_page_request=true&_nocache=1606221386233729718 HTTP/1.1" 200 4656
::1 - - [24/Nov/2020:14:36:28 +0200] "GET /phpmyadmin/tbl_structure.php?db=buvvalde&goto=db_structure.php&table=table%202&ajax_request=true&ajax_page_request=true&_nocache=1606221388031226094 HTTP/1.1" 200 7267
::1 - - [24/Nov/2020:14:36:28 +0200] "GET /phpmyadmin/index.php?ajax_request=1&recent_table=1&no_debug=true&_nocache=1606221388554577576 HTTP/1.1" 200 1477
::1 - - [24/Nov/2020:14:36:32 +0200] "GET /phpmyadmin/tbl_structure.php?db=buvvalde&table=table+2&ajax_request=true&ajax_page_request=true&_nocache=160622139281796118 HTTP/1.1" 200 7267
::1 - - [24/Nov/2020:14:36:33 +0200] "GET /phpmyadmin/index.php?ajax_request=1&recent_table=1&no_debug=true&_nocache=1606221393409337250 HTTP/1.1" 200 1477
::1 - - [24/Nov/2020:14:36:59 +0200] "GET /phpmyadmin/tbl_change.php?db=buvvalde&table=table+2&ajax_request=true&ajax_page_request=true&_nocache=160622141952195112 HTTP/1.1" 200 8560
::1 - - [24/Nov/2020:14:37:00 +0200] "GET /phpmyadmin/js/get_scripts.js.php?scripts%5B%5D=jquery/jquery.validate.js&scripts%5B%5D=jquery/additional-methods.js&call_done=1&v=4.7.5&call_done=1&v=4.7.5 HTTP/1.1" 200 23046
::1 - - [24/Nov/2020:14:37:00 +0200] "GET /phpmyadmin/index.php?ajax_request=1&recent_table=1&no_debug=true&_nocache=1606221420295525641 HTTP/1.1" 200 1477
::1 - - [24/Nov/2020:14:37:18 +0200] "GET /phpmyadmin/sql.php?db=buvvalde&table=table+2&pos=0&ajax_request=true&ajax_page_request=true&_nocache=160622143821582125 HTTP/1.1" 200 9298
::1 - - [24/Nov/2020:14:37:18 +0200] "GET /phpmyadmin/index.php?ajax_request=1&recent_table=1&no_debug=true&_nocache=1606221438929615596 HTTP/1.1" 200 1477
::1 - - [24/Nov/2020:14:37:26 +0200] "GET /phpmyadmin/tbl_sql.php?db=buvvalde&table=table+2&sql_query=SELECT+%2A+FROM+%60table+2%60&show_query=1&ajax_request=true&ajax_page_request=true&_nocache=160622144689084084 HTTP/1.1" 200 4639
::1 - - [24/Nov/2020:14:37:27 +0200] "GET /phpmyadmin/index.php?ajax_request=1&recent_table=1&no_debug=true&_nocache=1606221447354223860 HTTP/1.1" 200 1477
::1 - - [24/Nov/2020:14:37:27 +0200] "POST /phpmyadmin/lint.php HTTP/1.1" 200 28
::1 - - [24/Nov/2020:14:38:09 +0200] "GET /phpmyadmin/tbl_structure.php?db=buvvalde&table=table+2&ajax_request=true&ajax_page_request=true&_nocache=1606221489841222856 HTTP/1.1" 200 7267
::1 - - [24/Nov/2020:14:38:10 +0200] "GET /phpmyadmin/index.php?ajax_request=1&recent_table=1&no_debug=true&_nocache=1606221490304820648 HTTP/1.1" 200 1477
::1 - - [24/Nov/2020:14:39:46 +0200] "POST /phpmyadmin/tbl_addfield.php HTTP/1.1" 200 7758
::1 - - [24/Nov/2020:14:39:47 +0200] "GET /phpmyadmin/index.php?ajax_request=1&recent_table=1&no_debug=true&_nocache=1606221587292933799 HTTP/1.1" 200 1477
::1 - - [24/Nov/2020:14:39:54 +0200] "POST /phpmyadmin/tbl_indexes.php HTTP/1.1" 200 2758
::1 - - [24/Nov/2020:14:39:54 +0200] "GET /phpmyadmin/themes/pmahomme/img/s_sortable.png HTTP/1.1" 200 234
::1 - - [24/Nov/2020:14:40:00 +0200] "POST /phpmyadmin/tbl_structure.php HTTP/1.1" 200 95
::1 - - [24/Nov/2020:14:40:00 +0200] "POST /phpmyadmin/tbl_addfield.php HTTP/1.1" 200 1918
::1 - - [24/Nov/2020:14:40:01 +0200] "POST /phpmyadmin/import.php HTTP/1.1" 200 143
::1 - - [24/Nov/2020:14:40:01 +0200] "POST /phpmyadmin/navigation.php?ajax_request=1 HTTP/1.1" 200 2270
::1 - - [24/Nov/2020:14:40:03 +0200] "GET /phpmyadmin/sql.php?db=buvvalde&table=table+2&pos=0&ajax_request=true&ajax_page_request=true&_nocache=1606221603719434865 HTTP/1.1" 200 11728
::1 - - [24/Nov/2020:14:40:04 +0200] "GET /phpmyadmin/index.php?ajax_request=1&recent_table=1&no_debug=true&_nocache=1606221604515923320 HTTP/1.1" 200 1477
::1 - - [24/Nov/2020:14:40:04 +0200] "GET /phpmyadmin/themes/pmahomme/img/col_drop.png HTTP/1.1" 200 132
::1 - - [24/Nov/2020:14:40:04 +0200] "GET /phpmyadmin/themes/pmahomme/img/s_fulltext.png HTTP/1.1" 200 193
::1 - - [24/Nov/2020:14:40:27 +0200] "GET /phpmyadmin/db_structure.php?server=1&db=buvvalde&ajax_request=true&ajax_page_request=true&_nocache=1606221627454529932 HTTP/1.1" 200 4656
::1 - - [24/Nov/2020:14:40:53 +0200] "GET /phpmyadmin/db_structure.php?server=1&db=test&ajax_request=true&ajax_page_request=true&_nocache=160622165395921395 HTTP/1.1" 200 4635
::1 - - [24/Nov/2020:14:40:56 +0200] "GET /phpmyadmin/db_structure.php?server=1&db=buvvalde&ajax_request=true&ajax_page_request=true&_nocache=1606221656890521404 HTTP/1.1" 200 4656
::1 - - [24/Nov/2020:14:40:59 +0200] "GET /phpmyadmin/sql.php?server=1&db=buvvalde&table=table+2&pos=0&ajax_request=true&ajax_page_request=true&_nocache=1606221659486572075 HTTP/1.1" 200 11734
::1 - - [24/Nov/2020:14:41:00 +0200] "GET /phpmyadmin/index.php?ajax_request=1&recent_table=1&no_debug=true&_nocache=1606221660185883166 HTTP/1.1" 200 1477
::1 - - [24/Nov/2020:14:41:11 +0200] "GET /phpmyadmin/tbl_structure.php?db=buvvalde&table=table+2&ajax_request=true&ajax_page_request=true&_nocache=1606221671047488324 HTTP/1.1" 200 7814
::1 - - [24/Nov/2020:14:41:11 +0200] "GET /phpmyadmin/index.php?ajax_request=1&recent_table=1&no_debug=true&_nocache=160622167163967956 HTTP/1.1" 200 1477
::1 - - [24/Nov/2020:14:41:22 +0200] "GET /phpmyadmin/tbl_indexes.php?db=buvvalde&table=table+2&server=1&index=PRIMARY&ajax_request=true&_nocache=1606221682759422025 HTTP/1.1" 200 2999
::1 - - [24/Nov/2020:14:41:26 +0200] "GET /phpmyadmin/themes/pmahomme/jquery/images/ui-icons_454545_256x240.png HTTP/1.1" 200 4262
::1 - - [24/Nov/2020:14:42:07 +0200] "GET /phpmyadmin/tbl_structure.php?db=buvvalde&table=table+2&ajax_request=true&ajax_page_request=true&_nocache=1606221727497811530 HTTP/1.1" 200 7814
::1 - - [24/Nov/2020:14:42:08 +0200] "GET /phpmyadmin/index.php?ajax_request=1&recent_table=1&no_debug=true&_nocache=1606221728042292997 HTTP/1.1" 200 1477
::1 - - [24/Nov/2020:14:42:09 +0200] "GET /phpmyadmin/tbl_relation.php?db=buvvalde&table=table+2&ajax_request=true&ajax_page_request=true&_nocache=1606221729025319380 HTTP/1.1" 200 3460
::1 - - [24/Nov/2020:14:42:09 +0200] "GET /phpmyadmin/js/get_scripts.js.php?scripts%5B%5D=tbl_relation.js&call_done=1&v=4.7.5&call_done=1&v=4.7.5 HTTP/1.1" 200 2272
::1 - - [24/Nov/2020:14:42:09 +0200] "GET /phpmyadmin/index.php?ajax_request=1&recent_table=1&no_debug=true&_nocache=1606221729824917664 HTTP/1.1" 200 1477
::1 - - [24/Nov/2020:14:42:11 +0200] "GET /phpmyadmin/tbl_structure.php?db=buvvalde&table=table+2&ajax_request=true&ajax_page_request=true&_nocache=1606221731892837270 HTTP/1.1" 200 7814
::1 - - [24/Nov/2020:14:42:12 +0200] "GET /phpmyadmin/index.php?ajax_request=1&recent_table=1&no_debug=true&_nocache=1606221732462938751 HTTP/1.1" 200 1477
::1 - - [24/Nov/2020:14:42:13 +0200] "GET /phpmyadmin/tbl_relation.php?db=buvvalde&table=table+2&ajax_request=true&ajax_page_request=true&_nocache=1606221733478906972 HTTP/1.1" 200 3460
::1 - - [24/Nov/2020:14:42:13 +0200] "GET /phpmyadmin/index.php?ajax_request=1&recent_table=1&no_debug=true&_nocache=1606221733868152667 HTTP/1.1" 200 1477
::1 - - [24/Nov/2020:14:42:19 +0200] "GET /phpmyadmin/sql.php?server=1&db=buvvalde&table=table+2&pos=0&ajax_request=true&ajax_page_request=true&_nocache=1606221739931781307 HTTP/1.1" 200 11733
::1 - - [24/Nov/2020:14:42:20 +0200] "GET /phpmyadmin/index.php?ajax_request=1&recent_table=1&no_debug=true&_nocache=1606221740619369203 HTTP/1.1" 200 1477
::1 - - [24/Nov/2020:14:42:25 +0200] "GET /phpmyadmin/sql.php?db=buvvalde&table=table+2&ajax_request=true&ajax_page_request=true&_nocache=1606221745249103858 HTTP/1.1" 200 11729
::1 - - [24/Nov/2020:14:42:25 +0200] "GET /phpmyadmin/index.php?ajax_request=1&recent_table=1&no_debug=true&_nocache=1606221745919958389 HTTP/1.1" 200 1477
::1 - - [24/Nov/2020:14:42:27 +0200] "GET /phpmyadmin/sql.php?db=buvvalde&table=table+2&ajax_request=true&ajax_page_request=true&_nocache=1606221747235840918 HTTP/1.1" 200 11731
::1 - - [24/Nov/2020:14:42:27 +0200] "GET /phpmyadmin/index.php?ajax_request=1&recent_table=1&no_debug=true&_nocache=1606221747910856940 HTTP/1.1" 200 1477
::1 - - [24/Nov/2020:14:42:50 +0200] "GET /phpmyadmin/db_structure.php?server=1&db=buvvalde&ajax_request=true&ajax_page_request=true&_nocache=1606221770829532236 HTTP/1.1" 200 4656
::1 - - [24/Nov/2020:14:42:55 +0200] "GET /phpmyadmin/sql.php?db=buvvalde&goto=db_structure.php&table=table%202&pos=0&ajax_request=true&ajax_page_request=true&_nocache=1606221775680291011 HTTP/1.1" 200 11731
::1 - - [24/Nov/2020:14:42:56 +0200] "GET /phpmyadmin/index.php?ajax_request=1&recent_table=1&no_debug=true&_nocache=1606221776430179716 HTTP/1.1" 200 1477
::1 - - [24/Nov/2020:14:42:57 +0200] "GET /phpmyadmin/db_structure.php?server=1&db=buvvalde&ajax_request=true&ajax_page_request=true&_nocache=1606221777921337211 HTTP/1.1" 200 4656
::1 - - [24/Nov/2020:14:43:09 +0200] "POST /phpmyadmin/db_structure.php HTTP/1.1" 200 311
::1 - - [24/Nov/2020:14:43:38 +0200] "GET /phpmyadmin/db_structure.php?db=buvvalde&pos=0&sort=table&sort_order=DESC&ajax_request=true&ajax_page_request=true&_nocache=1606221818378773631 HTTP/1.1" 200 4660
::1 - - [24/Nov/2020:14:43:40 +0200] "GET /phpmyadmin/db_structure.php?db=buvvalde&pos=0&sort=table&sort_order=ASC&ajax_request=true&ajax_page_request=true&_nocache=160622182013691916 HTTP/1.1" 200 4657
::1 - - [24/Nov/2020:14:43:41 +0200] "GET /phpmyadmin/db_structure.php?db=buvvalde&pos=0&sort=table&sort_order=DESC&ajax_request=true&ajax_page_request=true&_nocache=1606221821459318570 HTTP/1.1" 200 4660
::1 - - [24/Nov/2020:14:53:09 +0200] "GET /phpmyadmin/sql.php?db=buvvalde&goto=db_structure.php&table=table%202&pos=0&ajax_request=true&ajax_page_request=true&_nocache=1606222389008884301 HTTP/1.1" 200 11734
::1 - - [24/Nov/2020:14:53:09 +0200] "GET /phpmyadmin/index.php?ajax_request=1&recent_table=1&no_debug=true&_nocache=1606222389799406060 HTTP/1.1" 200 1477
::1 - - [24/Nov/2020:15:01:17 +0200] "GET / HTTP/1.1" 200 281
::1 - - [24/Nov/2020:15:03:47 +0200] "GET /phpmyadmin/sql.php?db=buvvalde&table=table+2&sql_query=SELECT+%2A+FROM+%60table+2%60++%0AORDER+BY+%60table+2%60.%60Objekta+adrese%60+ASC&session_max_rows=25&is_browse_distinct=0&ajax_request=true&ajax_page_request=true&_nocache=1606223027526602415 HTTP/1.1" 200 12240
::1 - - [24/Nov/2020:15:03:48 +0200] "GET /phpmyadmin/index.php?ajax_request=1&recent_table=1&no_debug=true&_nocache=1606223028476980390 HTTP/1.1" 200 1477
::1 - - [24/Nov/2020:15:03:53 +0200] "GET /phpmyadmin/tbl_structure.php?db=buvvalde&table=table+2&ajax_request=true&ajax_page_request=true&_nocache=1606223033439798587 HTTP/1.1" 200 7814
::1 - - [24/Nov/2020:15:03:54 +0200] "GET /phpmyadmin/index.php?ajax_request=1&recent_table=1&no_debug=true&_nocache=1606223034102491136 HTTP/1.1" 200 1477
::1 - - [24/Nov/2020:15:03:59 +0200] "GET /phpmyadmin/tbl_structure.php?db=buvvalde&table=table+2&goto=tbl_structure.php&back=tbl_structure.php&field=Objekta+adrese&change_column=1 HTTP/1.1" 200 14162
::1 - - [24/Nov/2020:15:04:00 +0200] "GET /phpmyadmin/js/get_scripts.js.php?scripts%5B%5D=navigation.js&scripts%5B%5D=indexes.js&scripts%5B%5D=common.js&scripts%5B%5D=page_settings.js&scripts%5B%5D=shortcuts_handler.js&scripts%5B%5D=tbl_structure.js&scripts%5B%5D=jquery/jquery.uitablefilter.js&scripts%5B%5D=codemirror/lib/codemirror.js&scripts%5B%5D=codemirror/mode/sql/sql.js&scripts%5B%5D=codemirror/addon/runmode/runmode.js&v=4.7.5 HTTP/1.1" 200 135090
::1 - - [24/Nov/2020:15:04:00 +0200] "GET /phpmyadmin/js/get_scripts.js.php?scripts%5B%5D=codemirror/addon/hint/show-hint.js&scripts%5B%5D=codemirror/addon/hint/sql-hint.js&scripts%5B%5D=codemirror/addon/lint/lint.js&scripts%5B%5D=codemirror/addon/lint/sql-lint.js&scripts%5B%5D=console.js&v=4.7.5 HTTP/1.1" 200 19147
::1 - - [24/Nov/2020:15:04:00 +0200] "POST /phpmyadmin/navigation.php?ajax_request=1 HTTP/1.1" 200 2270
::1 - - [24/Nov/2020:15:04:01 +0200] "GET /phpmyadmin/index.php?ajax_request=1&recent_table=1&no_debug=true&_nocache=1606223041070975924 HTTP/1.1" 200 1477
::1 - - [24/Nov/2020:15:04:06 +0200] "POST /phpmyadmin/tbl_structure.php HTTP/1.1" 200 95
::1 - - [24/Nov/2020:15:04:06 +0200] "POST /phpmyadmin/tbl_structure.php HTTP/1.1" 200 8170
::1 - - [24/Nov/2020:15:04:07 +0200] "POST /phpmyadmin/tbl_structure.php HTTP/1.1" 200 7812
::1 - - [24/Nov/2020:15:04:07 +0200] "POST /phpmyadmin/navigation.php?ajax_request=1 HTTP/1.1" 200 2270
::1 - - [24/Nov/2020:15:04:30 +0200] "GET / HTTP/1.1" 200 281
::1 - - [24/Nov/2020:15:04:32 +0200] "GET / HTTP/1.1" 200 281
::1 - - [24/Nov/2020:15:05:45 +0200] "GET /phpmyadmin/sql.php?server=1&db=buvvalde&table=table+2&pos=0&ajax_request=true&ajax_page_request=true&_nocache=1606223145069188017 HTTP/1.1" 200 11732
::1 - - [24/Nov/2020:15:05:45 +0200] "GET /phpmyadmin/js/get_scripts.js.php?scripts%5B%5D=tbl_change.js&scripts%5B%5D=gis_data_editor.js&scripts%5B%5D=multi_column_sort.js&scripts%5B%5D=makegrid.js&scripts%5B%5D=sql.js&call_done=1&v=4.7.5&call_done=1&v=4.7.5 HTTP/1.1" 200 37573
::1 - - [24/Nov/2020:15:05:45 +0200] "GET /phpmyadmin/index.php?ajax_request=1&recent_table=1&no_debug=true&_nocache=1606223145945876154 HTTP/1.1" 200 1477
::1 - - [24/Nov/2020:15:07:14 +0200] "GET /phpmyadmin/tbl_operations.php?db=buvvalde&table=table+2&ajax_request=true&ajax_page_request=true&_nocache=1606223234836360340 HTTP/1.1" 200 6312
::1 - - [24/Nov/2020:15:07:15 +0200] "GET /phpmyadmin/js/get_scripts.js.php?scripts%5B%5D=tbl_operations.js&call_done=1&v=4.7.5&call_done=1&v=4.7.5 HTTP/1.1" 200 2374
::1 - - [24/Nov/2020:15:07:15 +0200] "GET /phpmyadmin/index.php?ajax_request=1&recent_table=1&no_debug=true&_nocache=1606223235849567228 HTTP/1.1" 200 1477
::1 - - [24/Nov/2020:15:07:49 +0200] "POST /phpmyadmin/tbl_operations.php HTTP/1.1" 200 6694
::1 - - [24/Nov/2020:15:07:49 +0200] "POST /phpmyadmin/navigation.php?ajax_request=1 HTTP/1.1" 200 2274
::1 - - [24/Nov/2020:15:07:49 +0200] "GET /phpmyadmin/tbl_operations.php?server=1&db=buvvalde&table=table_2&ajax_request=true&ajax_page_request=true&_nocache=1606223269765171473 HTTP/1.1" 200 6307
::1 - - [24/Nov/2020:15:07:50 +0200] "GET /phpmyadmin/index.php?ajax_request=1&recent_table=1&no_debug=true&_nocache=1606223270678342461 HTTP/1.1" 200 1482
::1 - - [24/Nov/2020:15:07:56 +0200] "GET / HTTP/1.1" 200 20242
::1 - - [24/Nov/2020:15:10:57 +0200] "GET / HTTP/1.1" 200 20957
::1 - - [24/Nov/2020:15:11:16 +0200] "POST /search.php HTTP/1.1" 200 96
::1 - - [24/Nov/2020:15:14:28 +0200] "GET /phpmyadmin/tbl_structure.php?db=buvvalde&table=table_2&ajax_request=true&ajax_page_request=true&_nocache=1606223668104355203 HTTP/1.1" 200 7804
::1 - - [24/Nov/2020:15:14:28 +0200] "GET /phpmyadmin/index.php?ajax_request=1&recent_table=1&no_debug=true&_nocache=1606223668743231222 HTTP/1.1" 200 1482
::1 - - [24/Nov/2020:15:14:30 +0200] "GET /phpmyadmin/sql.php?db=buvvalde&table=table_2&pos=0&ajax_request=true&ajax_page_request=true&_nocache=1606223670243583609 HTTP/1.1" 200 11730
::1 - - [24/Nov/2020:15:14:30 +0200] "GET /phpmyadmin/index.php?ajax_request=1&recent_table=1&no_debug=true&_nocache=1606223670957311306 HTTP/1.1" 200 1482
::1 - - [24/Nov/2020:15:38:26 +0200] "POST /phpmyadmin/index.php HTTP/1.1" 200 1420
::1 - - [24/Nov/2020:15:39:05 +0200] "POST /phpmyadmin/index.php HTTP/1.1" 200 1420
::1 - - [24/Nov/2020:15:39:07 +0200] "POST /phpmyadmin/index.php HTTP/1.1" 200 73
::1 - - [24/Nov/2020:15:39:07 +0200] "GET /phpmyadmin/sql.php?db=buvvalde&table=table_2&pos=0 HTTP/1.1" 200 3402
::1 - - [24/Nov/2020:15:39:07 +0200] "GET /phpmyadmin/phpmyadmin.css.php?nocache=4817426083ltr&server=1 HTTP/1.1" 200 20133
::1 - - [24/Nov/2020:15:39:08 +0200] "GET /phpmyadmin/favicon.ico HTTP/1.1" 200 22486
::1 - - [24/Nov/2020:15:41:42 +0200] "GET / HTTP/1.1" 200 20957
::1 - - [24/Nov/2020:15:41:47 +0200] "GET / HTTP/1.1" 200 20957
::1 - - [24/Nov/2020:15:41:49 +0200] "GET / HTTP/1.1" 200 20957
::1 - - [24/Nov/2020:15:41:57 +0200] "POST /search.php HTTP/1.1" 200 96
::1 - - [24/Nov/2020:18:54:51 +0200] "GET /phpmyadmin/sql.php?db=buvvalde&table=table_2&pos=0 HTTP/1.1" 200 3398
::1 - - [24/Nov/2020:18:54:57 +0200] "POST /phpmyadmin/index.php HTTP/1.1" 302 25
::1 - - [24/Nov/2020:18:54:57 +0200] "GET /phpmyadmin/index.php?db=buvvalde&table=table_2&target=sql.php HTTP/1.1" 200 17379
::1 - - [24/Nov/2020:18:54:57 +0200] "GET /phpmyadmin/phpmyadmin.css.php?nocache=6423595041ltr&server=1 HTTP/1.1" 200 20133
::1 - - [24/Nov/2020:18:54:57 +0200] "GET /phpmyadmin/js/whitelist.php?v=4.7.5 HTTP/1.1" 200 475
::1 - - [24/Nov/2020:18:54:57 +0200] "GET /phpmyadmin/js/get_scripts.js.php?scripts%5B%5D=navigation.js&scripts%5B%5D=indexes.js&scripts%5B%5D=common.js&scripts%5B%5D=page_settings.js&scripts%5B%5D=shortcuts_handler.js&scripts%5B%5D=jquery/jquery.uitablefilter.js&scripts%5B%5D=tbl_change.js&scripts%5B%5D=gis_data_editor.js&scripts%5B%5D=multi_column_sort.js&scripts%5B%5D=makegrid.js&v=4.7.5 HTTP/1.1" 200 51992
::1 - - [24/Nov/2020:18:54:57 +0200] "GET /phpmyadmin/js/get_scripts.js.php?scripts%5B%5D=jquery/jquery.min.js&scripts%5B%5D=jquery/jquery-migrate-3.0.0.js&scripts%5B%5D=sprintf.js&scripts%5B%5D=ajax.js&scripts%5B%5D=keyhandler.js&scripts%5B%5D=jquery/jquery-ui.min.js&scripts%5B%5D=jquery/jquery.cookie.js&scripts%5B%5D=jquery/jquery.mousewheel.js&scripts%5B%5D=jquery/jquery.event.drag-2.2.js&scripts%5B%5D=jquery/jquery-ui-timepicker-addon.js&v=4.7.5 HTTP/1.1" 200 138876
::1 - - [24/Nov/2020:18:54:57 +0200] "GET /phpmyadmin/js/get_scripts.js.php?scripts%5B%5D=sql.js&scripts%5B%5D=codemirror/lib/codemirror.js&scripts%5B%5D=codemirror/mode/sql/sql.js&scripts%5B%5D=codemirror/addon/runmode/runmode.js&scripts%5B%5D=codemirror/addon/hint/show-hint.js&scripts%5B%5D=codemirror/addon/hint/sql-hint.js&scripts%5B%5D=codemirror/addon/lint/lint.js&scripts%5B%5D=codemirror/addon/lint/sql-lint.js&scripts%5B%5D=console.js&v=4.7.5 HTTP/1.1" 200 134698
::1 - - [24/Nov/2020:18:54:57 +0200] "GET /phpmyadmin/js/get_scripts.js.php?scripts%5B%5D=jquery/jquery.ba-hashchange-1.3.js&scripts%5B%5D=jquery/jquery.debounce-1.0.5.js&scripts%5B%5D=menu-resizer.js&scripts%5B%5D=cross_framing_protection.js&scripts%5B%5D=rte.js&scripts%5B%5D=tracekit/tracekit.js&scripts%5B%5D=error_report.js&scripts%5B%5D=config.js&scripts%5B%5D=doclinks.js&scripts%5B%5D=functions.js&v=4.7.5 HTTP/1.1" 200 77087
::1 - - [24/Nov/2020:18:54:58 +0200] "GET /phpmyadmin/js/messages.php?l=en&v=4.7.5 HTTP/1.1" 200 8692
::1 - - [24/Nov/2020:18:54:58 +0200] "GET /phpmyadmin/js/get_image.js.php?theme=pmahomme&v=4.7.5 HTTP/1.1" 200 1841
::1 - - [24/Nov/2020:18:54:58 +0200] "POST /phpmyadmin/navigation.php?ajax_request=1 HTTP/1.1" 200 2009
::1 - - [24/Nov/2020:18:54:59 +0200] "GET /phpmyadmin/index.php?ajax_request=1&recent_table=1&no_debug=true&_nocache=1606236899000228608 HTTP/1.1" 200 1481
::1 - - [24/Nov/2020:18:54:59 +0200] "GET /phpmyadmin/navigation.php?ajax_request=1&aPath=cm9vdA%3D%3D.YnV2dmFsZGU%3D&vPath=cm9vdA%3D%3D.YnV2dmFsZGU%3D&pos=0&pos2_name=&pos2_value=&searchClause=&searchClause2=&_nocache=160623689925896117 HTTP/1.1" 200 1693
::1 - - [24/Nov/2020:19:18:54 +0200] "POST /phpmyadmin/index.php HTTP/1.1" 200 1419
::1 - - [24/Nov/2020:19:19:48 +0200] "POST /phpmyadmin/index.php HTTP/1.1" 200 1419
::1 - - [24/Nov/2020:19:19:50 +0200] "POST /phpmyadmin/index.php HTTP/1.1" 200 73
::1 - - [24/Nov/2020:19:19:50 +0200] "GET /phpmyadmin/index.php?db=buvvalde&table=table_2&target=sql.php HTTP/1.1" 200 3398
::1 - - [24/Nov/2020:19:19:50 +0200] "GET /phpmyadmin/phpmyadmin.css.php?nocache=4817426083ltr&server=1 HTTP/1.1" 200 20133
::1 - - [24/Nov/2020:19:19:50 +0200] "GET /phpmyadmin/js/get_scripts.js.php?scripts%5B%5D=navigation.js&scripts%5B%5D=indexes.js&scripts%5B%5D=common.js&scripts%5B%5D=page_settings.js&scripts%5B%5D=shortcuts_handler.js&scripts%5B%5D=codemirror/lib/codemirror.js&scripts%5B%5D=codemirror/mode/sql/sql.js&scripts%5B%5D=codemirror/addon/runmode/runmode.js&scripts%5B%5D=codemirror/addon/hint/show-hint.js&scripts%5B%5D=codemirror/addon/hint/sql-hint.js&v=4.7.5 HTTP/1.1" 200 135447
::1 - - [24/Nov/2020:19:19:50 +0200] "GET /phpmyadmin/js/get_scripts.js.php?scripts%5B%5D=codemirror/addon/lint/lint.js&scripts%5B%5D=codemirror/addon/lint/sql-lint.js&scripts%5B%5D=console.js&v=4.7.5 HTTP/1.1" 200 13176
::1 - - [24/Nov/2020:19:19:51 +0200] "GET /phpmyadmin/favicon.ico HTTP/1.1" 200 22486
::1 - - [24/Nov/2020:19:26:27 +0200] "POST /search.php HTTP/1.1" 200 96
::1 - - [24/Nov/2020:19:27:33 +0200] "GET / HTTP/1.1" 200 20966
::1 - - [24/Nov/2020:19:27:39 +0200] "POST /search.php HTTP/1.1" 200 229
::1 - - [24/Nov/2020:19:27:45 +0200] "POST /search.php HTTP/1.1" 200 96
::1 - - [24/Nov/2020:19:30:31 +0200] "POST /search.php HTTP/1.1" 200 33
::1 - - [24/Nov/2020:19:30:33 +0200] "GET / HTTP/1.1" 200 20966
::1 - - [24/Nov/2020:19:30:40 +0200] "GET / HTTP/1.1" 200 20966
::1 - - [24/Nov/2020:19:30:47 +0200] "POST /search.php HTTP/1.1" 200 33
::1 - - [24/Nov/2020:19:32:30 +0200] "POST /search.php HTTP/1.1" 200 33
::1 - - [24/Nov/2020:19:32:33 +0200] "GET / HTTP/1.1" 200 20966
::1 - - [24/Nov/2020:19:32:44 +0200] "POST /search.php HTTP/1.1" 200 33
::1 - - [24/Nov/2020:19:33:03 +0200] "POST /phpmyadmin/index.php HTTP/1.1" 302 25
::1 - - [24/Nov/2020:19:33:03 +0200] "GET /phpmyadmin/index.php?db=buvvalde&table=table_2&target=sql.php HTTP/1.1" 200 17379
::1 - - [24/Nov/2020:19:33:04 +0200] "POST /phpmyadmin/navigation.php?ajax_request=1 HTTP/1.1" 200 2009
::1 - - [24/Nov/2020:19:33:04 +0200] "GET /phpmyadmin/index.php?ajax_request=1&recent_table=1&no_debug=true&_nocache=1606239184687824857 HTTP/1.1" 200 1481
::1 - - [24/Nov/2020:19:33:04 +0200] "GET /phpmyadmin/navigation.php?ajax_request=1&aPath=cm9vdA%3D%3D.YnV2dmFsZGU%3D&vPath=cm9vdA%3D%3D.YnV2dmFsZGU%3D&pos=0&pos2_name=&pos2_value=&searchClause=&searchClause2=&_nocache=1606239184961412933 HTTP/1.1" 200 1694
::1 - - [24/Nov/2020:19:33:21 +0200] "GET / HTTP/1.1" 200 20966
::1 - - [24/Nov/2020:19:33:27 +0200] "POST /search.php HTTP/1.1" 200 69
::1 - - [24/Nov/2020:19:34:01 +0200] "GET / HTTP/1.1" 200 262
::1 - - [24/Nov/2020:19:34:04 +0200] "POST /search.php HTTP/1.1" 200 71
::1 - - [24/Nov/2020:19:34:09 +0200] "POST /search.php HTTP/1.1" 200 516
::1 - - [24/Nov/2020:19:36:41 +0200] "POST /search.php HTTP/1.1" 200 516
::1 - - [24/Nov/2020:19:36:50 +0200] "POST /search.php HTTP/1.1" 200 211
::1 - - [24/Nov/2020:19:36:58 +0200] "POST /search.php HTTP/1.1" 200 516
::1 - - [24/Nov/2020:19:37:05 +0200] "POST /search.php HTTP/1.1" 200 33
::1 - - [24/Nov/2020:19:37:10 +0200] "POST /search.php HTTP/1.1" 200 33
::1 - - [24/Nov/2020:19:37:14 +0200] "POST /search.php HTTP/1.1" 200 148
::1 - - [24/Nov/2020:19:37:17 +0200] "POST /search.php HTTP/1.1" 200 69
::1 - - [24/Nov/2020:19:39:22 +0200] "GET / HTTP/1.1" 200 262
::1 - - [24/Nov/2020:19:39:30 +0200] "POST /search.php HTTP/1.1" 200 161
::1 - - [24/Nov/2020:19:40:20 +0200] "GET / HTTP/1.1" 200 262
::1 - - [24/Nov/2020:19:40:25 +0200] "POST /search.php HTTP/1.1" 200 161
::1 - - [24/Nov/2020:19:40:42 +0200] "GET /phpmyadmin/sql.php?db=buvvalde&table=table_2&sql_query=SELECT+%2A+FROM+%60table_2%60++%0AORDER+BY+%60table_2%60.%60Atbild%C4%ABgais+projekt%C4%93t%C4%81js%60+ASC&session_max_rows=25&is_browse_distinct=0&ajax_request=true&ajax_page_request=true&_nocache=1606239642070717536 HTTP/1.1" 200 12214
::1 - - [24/Nov/2020:19:40:42 +0200] "GET /phpmyadmin/index.php?ajax_request=1&recent_table=1&no_debug=true&_nocache=160623964258432891 HTTP/1.1" 200 1481
::1 - - [24/Nov/2020:19:40:44 +0200] "GET /phpmyadmin/sql.php?db=buvvalde&table=table_2&sql_query=SELECT+%2A+FROM+%60table_2%60++%0AORDER+BY+%60table_2%60.%60Atbild%C4%ABgais+projekt%C4%93t%C4%81js%60++DESC&session_max_rows=25&is_browse_distinct=0&ajax_request=true&ajax_page_request=true&_nocache=1606239644217938230 HTTP/1.1" 200 12773
::1 - - [24/Nov/2020:19:40:44 +0200] "GET /phpmyadmin/index.php?ajax_request=1&recent_table=1&no_debug=true&_nocache=1606239644698190013 HTTP/1.1" 200 1481
::1 - - [24/Nov/2020:19:41:07 +0200] "POST /search.php HTTP/1.1" 200 340
::1 - - [24/Nov/2020:19:41:44 +0200] "GET / HTTP/1.1" 200 262
::1 - - [24/Nov/2020:19:41:47 +0200] "POST /search.php HTTP/1.1" 200 33
::1 - - [24/Nov/2020:19:42:36 +0200] "GET / HTTP/1.1" 200 262
::1 - - [24/Nov/2020:19:42:39 +0200] "POST /search.php HTTP/1.1" 200 1898
::1 - - [24/Nov/2020:19:42:51 +0200] "GET /phpmyadmin/tbl_structure.php?db=buvvalde&table=table_2&ajax_request=true&ajax_page_request=true&_nocache=1606239771117968878 HTTP/1.1" 200 7802
::1 - - [24/Nov/2020:19:42:51 +0200] "GET /phpmyadmin/js/get_scripts.js.php?scripts%5B%5D=tbl_structure.js&call_done=1&v=4.7.5&call_done=1&v=4.7.5 HTTP/1.1" 200 5241
::1 - - [24/Nov/2020:19:42:51 +0200] "GET /phpmyadmin/index.php?ajax_request=1&recent_table=1&no_debug=true&_nocache=1606239771676207561 HTTP/1.1" 200 1481
::1 - - [24/Nov/2020:19:42:56 +0200] "GET /phpmyadmin/tbl_structure.php?db=buvvalde&table=table_2&goto=tbl_structure.php&back=tbl_structure.php&field=Atbild%C4%ABgais+projekt%C4%93t%C4%81js&change_column=1 HTTP/1.1" 200 14199
::1 - - [24/Nov/2020:19:42:57 +0200] "GET /phpmyadmin/js/get_scripts.js.php?scripts%5B%5D=navigation.js&scripts%5B%5D=indexes.js&scripts%5B%5D=common.js&scripts%5B%5D=page_settings.js&scripts%5B%5D=shortcuts_handler.js&scripts%5B%5D=tbl_structure.js&scripts%5B%5D=jquery/jquery.uitablefilter.js&scripts%5B%5D=codemirror/lib/codemirror.js&scripts%5B%5D=codemirror/mode/sql/sql.js&scripts%5B%5D=codemirror/addon/runmode/runmode.js&v=4.7.5 HTTP/1.1" 200 135090
::1 - - [24/Nov/2020:19:42:57 +0200] "GET /phpmyadmin/js/get_scripts.js.php?scripts%5B%5D=codemirror/addon/hint/show-hint.js&scripts%5B%5D=codemirror/addon/hint/sql-hint.js&scripts%5B%5D=codemirror/addon/lint/lint.js&scripts%5B%5D=codemirror/addon/lint/sql-lint.js&scripts%5B%5D=console.js&v=4.7.5 HTTP/1.1" 200 19147
::1 - - [24/Nov/2020:19:42:57 +0200] "POST /phpmyadmin/navigation.php?ajax_request=1 HTTP/1.1" 200 2205
::1 - - [24/Nov/2020:19:42:57 +0200] "GET /phpmyadmin/index.php?ajax_request=1&recent_table=1&no_debug=true&_nocache=1606239777521246275 HTTP/1.1" 200 1481
::1 - - [24/Nov/2020:19:43:01 +0200] "POST /phpmyadmin/tbl_structure.php HTTP/1.1" 200 95
::1 - - [24/Nov/2020:19:43:01 +0200] "POST /phpmyadmin/tbl_structure.php HTTP/1.1" 200 8165
::1 - - [24/Nov/2020:19:43:02 +0200] "POST /phpmyadmin/tbl_structure.php HTTP/1.1" 200 7801
::1 - - [24/Nov/2020:19:43:02 +0200] "POST /phpmyadmin/navigation.php?ajax_request=1 HTTP/1.1" 200 2205
::1 - - [24/Nov/2020:19:43:29 +0200] "GET / HTTP/1.1" 200 262
::1 - - [24/Nov/2020:19:43:32 +0200] "POST /search.php HTTP/1.1" 200 1898
::1 - - [24/Nov/2020:19:43:43 +0200] "POST /search.php HTTP/1.1" 200 242
::1 - - [24/Nov/2020:19:43:55 +0200] "POST /search.php HTTP/1.1" 200 318
::1 - - [24/Nov/2020:19:44:30 +0200] "POST /search.php HTTP/1.1" 200 318
::1 - - [24/Nov/2020:19:44:43 +0200] "POST /search.php HTTP/1.1" 200 318
::1 - - [24/Nov/2020:20:04:29 +0200] "POST /search.php HTTP/1.1" 200 318
::1 - - [24/Nov/2020:20:06:53 +0200] "POST /phpmyadmin/index.php HTTP/1.1" 200 1419
::1 - - [24/Nov/2020:20:18:14 +0200] "POST /search.php HTTP/1.1" 200 788
::1 - - [24/Nov/2020:20:18:18 +0200] "GET /phpmyadmin/sql.php?db=buvvalde&table=table_2&pos=0&ajax_request=true&ajax_page_request=true&_nocache=1606241898745802900 HTTP/1.1" 200 11721
::1 - - [24/Nov/2020:20:18:19 +0200] "GET /phpmyadmin/js/get_scripts.js.php?scripts%5B%5D=tbl_change.js&scripts%5B%5D=gis_data_editor.js&scripts%5B%5D=multi_column_sort.js&scripts%5B%5D=makegrid.js&scripts%5B%5D=sql.js&call_done=1&v=4.7.5&call_done=1&v=4.7.5 HTTP/1.1" 200 37573
::1 - - [24/Nov/2020:20:18:19 +0200] "GET /phpmyadmin/index.php?ajax_request=1&recent_table=1&no_debug=true&_nocache=1606241899580965484 HTTP/1.1" 200 1481
::1 - - [24/Nov/2020:20:18:19 +0200] "GET /phpmyadmin/themes/pmahomme/img/col_pointer.png HTTP/1.1" 304 -
::1 - - [24/Nov/2020:20:42:15 +0200] "POST /phpmyadmin/index.php HTTP/1.1" 200 1419
::1 - - [24/Nov/2020:20:43:14 +0200] "POST /phpmyadmin/index.php HTTP/1.1" 200 1419
::1 - - [24/Nov/2020:20:43:16 +0200] "POST /phpmyadmin/index.php HTTP/1.1" 200 73
::1 - - [24/Nov/2020:20:43:16 +0200] "GET /phpmyadmin/sql.php?db=buvvalde&table=table_2&pos=0 HTTP/1.1" 200 3398
::1 - - [24/Nov/2020:20:43:16 +0200] "GET /phpmyadmin/js/codemirror/addon/hint/show-hint.css?v=4.7.5 HTTP/1.1" 304 -
::1 - - [24/Nov/2020:20:43:16 +0200] "GET /phpmyadmin/themes/pmahomme/jquery/jquery-ui.css HTTP/1.1" 304 -
::1 - - [24/Nov/2020:20:43:16 +0200] "GET /phpmyadmin/js/codemirror/lib/codemirror.css?v=4.7.5 HTTP/1.1" 304 -
::1 - - [24/Nov/2020:20:43:16 +0200] "GET /phpmyadmin/js/codemirror/addon/lint/lint.css?v=4.7.5 HTTP/1.1" 304 -
::1 - - [24/Nov/2020:20:43:16 +0200] "GET /phpmyadmin/themes/pmahomme/img/logo_right.png HTTP/1.1" 304 -
::1 - - [24/Nov/2020:20:43:16 +0200] "GET /phpmyadmin/themes/dot.gif HTTP/1.1" 304 -
::1 - - [24/Nov/2020:20:43:16 +0200] "GET /phpmyadmin/themes/pmahomme/css/printview.css?v=4.7.5 HTTP/1.1" 304 -
::1 - - [24/Nov/2020:20:43:17 +0200] "GET /phpmyadmin/favicon.ico HTTP/1.1" 200 22486
::1 - - [24/Nov/2020:20:43:17 +0200] "GET /phpmyadmin/themes/pmahomme/img/sprites.png?v=4.7.5 HTTP/1.1" 304 -
