PHP Warning:  PHP Startup: Unable to load dynamic library 'C:/Users/Aija-Monika.Vainina/Downloads/usbwebserver_v8.6.2/usbwebserver\\php\\ext\\php_curl.dll' - The specified module could not be found.\r\n in Unknown on line 0
[Mon Nov 23 23:45:16.633075 2020] [mpm_winnt:notice] [pid 756:tid 684] AH00455: Apache/2.4.29 (Win32) PHP/7.1.11 configured -- resuming normal operations
[Mon Nov 23 23:45:16.633075 2020] [mpm_winnt:notice] [pid 756:tid 684] AH00456: Server built: Nov  3 2017 01:01:54
[Mon Nov 23 23:45:16.633075 2020] [core:notice] [pid 756:tid 684] AH00094: Command line: 'C:\\Users\\Aija-Monika.Vainina\\Downloads\\usbwebserver_v8.6.2\\usbwebserver/apache2/bin/httpd_usbwv8.exe -d C:/Users/Aija-Monika.Vainina/Downloads/usbwebserver_v8.6.2/usbwebserver/apache2'
[Mon Nov 23 23:45:16.638619 2020] [mpm_winnt:notice] [pid 756:tid 684] AH00418: Parent: Created child process 1980
PHP Warning:  PHP Startup: Unable to load dynamic library 'C:/Users/Aija-Monika.Vainina/Downloads/usbwebserver_v8.6.2/usbwebserver\\php\\ext\\php_curl.dll' - The specified module could not be found.\r\n in Unknown on line 0
[Mon Nov 23 23:45:17.969672 2020] [mpm_winnt:notice] [pid 1980:tid 584] AH00354: Child: Starting 64 worker threads.
[Mon Nov 23 23:45:29.174776 2020] [php7:warn] [pid 1980:tid 1212] [client ::1:56014] PHP Warning:  mysqli::__construct(): (HY000/1049): Unknown database 'b\xef\xbf\xbdvvaldes_db' in C:\\Users\\Aija-Monika.Vainina\\Downloads\\usbwebserver_v8.6.2\\usbwebserver\\root\\index.php on line 30
[Mon Nov 23 23:45:29.185655 2020] [php7:warn] [pid 1980:tid 1212] [client ::1:56014] PHP Warning:  main(): Couldn't fetch mysqli in C:\\Users\\Aija-Monika.Vainina\\Downloads\\usbwebserver_v8.6.2\\usbwebserver\\root\\index.php on line 35
[Mon Nov 23 23:45:29.185655 2020] [php7:warn] [pid 1980:tid 1212] [client ::1:56014] PHP Warning:  mysqli::query(): Couldn't fetch mysqli in C:\\Users\\Aija-Monika.Vainina\\Downloads\\usbwebserver_v8.6.2\\usbwebserver\\root\\index.php on line 38
[Mon Nov 23 23:45:29.185655 2020] [php7:notice] [pid 1980:tid 1212] [client ::1:56014] PHP Notice:  Trying to get property of non-object in C:\\Users\\Aija-Monika.Vainina\\Downloads\\usbwebserver_v8.6.2\\usbwebserver\\root\\index.php on line 40
[Mon Nov 23 23:48:36.674574 2020] [php7:warn] [pid 1980:tid 1212] [client ::1:56067] PHP Warning:  mysqli::__construct(): (HY000/1049): Unknown database 'b\xef\xbf\xbdvvalde' in C:\\Users\\Aija-Monika.Vainina\\Downloads\\usbwebserver_v8.6.2\\usbwebserver\\root\\index.php on line 30
[Mon Nov 23 23:48:36.674876 2020] [php7:warn] [pid 1980:tid 1212] [client ::1:56067] PHP Warning:  main(): Couldn't fetch mysqli in C:\\Users\\Aija-Monika.Vainina\\Downloads\\usbwebserver_v8.6.2\\usbwebserver\\root\\index.php on line 35
[Mon Nov 23 23:48:36.674876 2020] [php7:warn] [pid 1980:tid 1212] [client ::1:56067] PHP Warning:  mysqli::query(): Couldn't fetch mysqli in C:\\Users\\Aija-Monika.Vainina\\Downloads\\usbwebserver_v8.6.2\\usbwebserver\\root\\index.php on line 38
[Mon Nov 23 23:48:36.674876 2020] [php7:notice] [pid 1980:tid 1212] [client ::1:56067] PHP Notice:  Trying to get property of non-object in C:\\Users\\Aija-Monika.Vainina\\Downloads\\usbwebserver_v8.6.2\\usbwebserver\\root\\index.php on line 40
[Mon Nov 23 23:48:37.987959 2020] [php7:warn] [pid 1980:tid 1212] [client ::1:56067] PHP Warning:  mysqli::__construct(): (HY000/1049): Unknown database 'b\xef\xbf\xbdvvalde' in C:\\Users\\Aija-Monika.Vainina\\Downloads\\usbwebserver_v8.6.2\\usbwebserver\\root\\index.php on line 30
[Mon Nov 23 23:48:37.987959 2020] [php7:warn] [pid 1980:tid 1212] [client ::1:56067] PHP Warning:  main(): Couldn't fetch mysqli in C:\\Users\\Aija-Monika.Vainina\\Downloads\\usbwebserver_v8.6.2\\usbwebserver\\root\\index.php on line 35
[Mon Nov 23 23:48:37.987959 2020] [php7:warn] [pid 1980:tid 1212] [client ::1:56067] PHP Warning:  mysqli::query(): Couldn't fetch mysqli in C:\\Users\\Aija-Monika.Vainina\\Downloads\\usbwebserver_v8.6.2\\usbwebserver\\root\\index.php on line 38
[Mon Nov 23 23:48:37.987959 2020] [php7:notice] [pid 1980:tid 1212] [client ::1:56067] PHP Notice:  Trying to get property of non-object in C:\\Users\\Aija-Monika.Vainina\\Downloads\\usbwebserver_v8.6.2\\usbwebserver\\root\\index.php on line 40
[Mon Nov 23 23:51:50.044138 2020] [php7:warn] [pid 1980:tid 1208] [client ::1:56125] PHP Warning:  mysqli::__construct(): (HY000/1049): Unknown database 'b\xef\xbf\xbdvvalde' in C:\\Users\\Aija-Monika.Vainina\\Downloads\\usbwebserver_v8.6.2\\usbwebserver\\root\\index.php on line 30
[Mon Nov 23 23:51:50.044138 2020] [php7:warn] [pid 1980:tid 1208] [client ::1:56125] PHP Warning:  main(): Couldn't fetch mysqli in C:\\Users\\Aija-Monika.Vainina\\Downloads\\usbwebserver_v8.6.2\\usbwebserver\\root\\index.php on line 35
[Mon Nov 23 23:51:50.044138 2020] [php7:warn] [pid 1980:tid 1208] [client ::1:56125] PHP Warning:  mysqli::query(): Couldn't fetch mysqli in C:\\Users\\Aija-Monika.Vainina\\Downloads\\usbwebserver_v8.6.2\\usbwebserver\\root\\index.php on line 38
[Mon Nov 23 23:51:50.044138 2020] [php7:notice] [pid 1980:tid 1208] [client ::1:56125] PHP Notice:  Trying to get property of non-object in C:\\Users\\Aija-Monika.Vainina\\Downloads\\usbwebserver_v8.6.2\\usbwebserver\\root\\index.php on line 40
[Mon Nov 23 23:57:01.723862 2020] [php7:warn] [pid 1980:tid 1204] [client ::1:56172] PHP Warning:  mysqli_connect(): php_network_getaddresses: getaddrinfo failed: No such host is known.  in C:\\Users\\Aija-Monika.Vainina\\Downloads\\usbwebserver_v8.6.2\\usbwebserver\\root\\index.php on line 30
[Mon Nov 23 23:57:01.724859 2020] [php7:warn] [pid 1980:tid 1204] [client ::1:56172] PHP Warning:  mysqli_connect(): (HY000/2002): php_network_getaddresses: getaddrinfo failed: No such host is known.  in C:\\Users\\Aija-Monika.Vainina\\Downloads\\usbwebserver_v8.6.2\\usbwebserver\\root\\index.php on line 30
[Mon Nov 23 23:57:55.659354 2020] [php7:warn] [pid 1980:tid 1208] [client ::1:56180] PHP Warning:  mysqli_connect(): php_network_getaddresses: getaddrinfo failed: No such host is known.  in C:\\Users\\Aija-Monika.Vainina\\Downloads\\usbwebserver_v8.6.2\\usbwebserver\\root\\index.php on line 30
[Mon Nov 23 23:57:55.659354 2020] [php7:warn] [pid 1980:tid 1208] [client ::1:56180] PHP Warning:  mysqli_connect(): (HY000/2002): php_network_getaddresses: getaddrinfo failed: No such host is known.  in C:\\Users\\Aija-Monika.Vainina\\Downloads\\usbwebserver_v8.6.2\\usbwebserver\\root\\index.php on line 30
[Mon Nov 23 23:57:55.659354 2020] [php7:error] [pid 1980:tid 1208] [client ::1:56180] PHP Fatal error:  Uncaught Error: Call to a member function set_charset() on boolean in C:\\Users\\Aija-Monika.Vainina\\Downloads\\usbwebserver_v8.6.2\\usbwebserver\\root\\index.php:33\nStack trace:\n#0 {main}\n  thrown in C:\\Users\\Aija-Monika.Vainina\\Downloads\\usbwebserver_v8.6.2\\usbwebserver\\root\\index.php on line 33
[Mon Nov 23 23:58:21.859407 2020] [php7:warn] [pid 1980:tid 1208] [client ::1:56184] PHP Warning:  mysqli_connect(): (HY000/1049): Unknown database 'b\xef\xbf\xbdvvalde' in C:\\Users\\Aija-Monika.Vainina\\Downloads\\usbwebserver_v8.6.2\\usbwebserver\\root\\index.php on line 30
[Mon Nov 23 23:58:57.863226 2020] [php7:warn] [pid 1980:tid 1204] [client ::1:56190] PHP Warning:  mysqli_connect(): (HY000/1049): Unknown database 'b\xef\xbf\xbdvvalde' in C:\\Users\\Aija-Monika.Vainina\\Downloads\\usbwebserver_v8.6.2\\usbwebserver\\root\\index.php on line 30
[Mon Nov 23 23:59:01.516066 2020] [php7:warn] [pid 1980:tid 1204] [client ::1:56193] PHP Warning:  mysqli_connect(): (HY000/1049): Unknown database 'b\xef\xbf\xbdvvalde' in C:\\Users\\Aija-Monika.Vainina\\Downloads\\usbwebserver_v8.6.2\\usbwebserver\\root\\index.php on line 30
[Mon Nov 23 23:59:08.884793 2020] [php7:warn] [pid 1980:tid 1208] [client ::1:56194] PHP Warning:  mysqli_connect(): (HY000/1049): Unknown database 'b\xef\xbf\xbdvvalde' in C:\\Users\\Aija-Monika.Vainina\\Downloads\\usbwebserver_v8.6.2\\usbwebserver\\root\\index.php on line 30
[Mon Nov 23 23:59:10.289895 2020] [php7:warn] [pid 1980:tid 1208] [client ::1:56194] PHP Warning:  mysqli_connect(): (HY000/1049): Unknown database 'b\xef\xbf\xbdvvalde' in C:\\Users\\Aija-Monika.Vainina\\Downloads\\usbwebserver_v8.6.2\\usbwebserver\\root\\index.php on line 30
[Tue Nov 24 00:00:14.110981 2020] [php7:warn] [pid 1980:tid 1204] [client ::1:56210] PHP Warning:  mysqli_connect(): (HY000/1049): Unknown database 'b\xef\xbf\xbdvvalde' in C:\\Users\\Aija-Monika.Vainina\\Downloads\\usbwebserver_v8.6.2\\usbwebserver\\root\\index.php on line 30
[Tue Nov 24 00:00:15.193905 2020] [php7:warn] [pid 1980:tid 1204] [client ::1:56210] PHP Warning:  mysqli_connect(): (HY000/1049): Unknown database 'b\xef\xbf\xbdvvalde' in C:\\Users\\Aija-Monika.Vainina\\Downloads\\usbwebserver_v8.6.2\\usbwebserver\\root\\index.php on line 30
[Tue Nov 24 00:00:33.464221 2020] [php7:warn] [pid 1980:tid 1208] [client ::1:56215] PHP Warning:  mysqli::__construct(): (HY000/1049): Unknown database 'b\xef\xbf\xbdvvalde' in C:\\Users\\Aija-Monika.Vainina\\Downloads\\usbwebserver_v8.6.2\\usbwebserver\\root\\index.php on line 30
[Tue Nov 24 00:00:33.464532 2020] [php7:warn] [pid 1980:tid 1208] [client ::1:56215] PHP Warning:  main(): Couldn't fetch mysqli in C:\\Users\\Aija-Monika.Vainina\\Downloads\\usbwebserver_v8.6.2\\usbwebserver\\root\\index.php on line 35
[Tue Nov 24 00:00:33.464532 2020] [php7:warn] [pid 1980:tid 1208] [client ::1:56215] PHP Warning:  mysqli::query(): Couldn't fetch mysqli in C:\\Users\\Aija-Monika.Vainina\\Downloads\\usbwebserver_v8.6.2\\usbwebserver\\root\\index.php on line 38
[Tue Nov 24 00:00:33.464532 2020] [php7:notice] [pid 1980:tid 1208] [client ::1:56215] PHP Notice:  Trying to get property of non-object in C:\\Users\\Aija-Monika.Vainina\\Downloads\\usbwebserver_v8.6.2\\usbwebserver\\root\\index.php on line 40
[Tue Nov 24 00:00:34.845391 2020] [php7:warn] [pid 1980:tid 1208] [client ::1:56215] PHP Warning:  mysqli::__construct(): (HY000/1049): Unknown database 'b\xef\xbf\xbdvvalde' in C:\\Users\\Aija-Monika.Vainina\\Downloads\\usbwebserver_v8.6.2\\usbwebserver\\root\\index.php on line 30
[Tue Nov 24 00:00:34.845391 2020] [php7:warn] [pid 1980:tid 1208] [client ::1:56215] PHP Warning:  main(): Couldn't fetch mysqli in C:\\Users\\Aija-Monika.Vainina\\Downloads\\usbwebserver_v8.6.2\\usbwebserver\\root\\index.php on line 35
[Tue Nov 24 00:00:34.846414 2020] [php7:warn] [pid 1980:tid 1208] [client ::1:56215] PHP Warning:  mysqli::query(): Couldn't fetch mysqli in C:\\Users\\Aija-Monika.Vainina\\Downloads\\usbwebserver_v8.6.2\\usbwebserver\\root\\index.php on line 38
[Tue Nov 24 00:00:34.846414 2020] [php7:notice] [pid 1980:tid 1208] [client ::1:56215] PHP Notice:  Trying to get property of non-object in C:\\Users\\Aija-Monika.Vainina\\Downloads\\usbwebserver_v8.6.2\\usbwebserver\\root\\index.php on line 40
[Tue Nov 24 00:01:08.579667 2020] [php7:warn] [pid 1980:tid 1208] [client ::1:56240] PHP Warning:  mysqli::__construct(): (HY000/1049): Unknown database 'b\xef\xbf\xbdvvalde' in C:\\Users\\Aija-Monika.Vainina\\Downloads\\usbwebserver_v8.6.2\\usbwebserver\\root\\index.php on line 30
[Tue Nov 24 00:01:08.579667 2020] [php7:warn] [pid 1980:tid 1208] [client ::1:56240] PHP Warning:  main(): Couldn't fetch mysqli in C:\\Users\\Aija-Monika.Vainina\\Downloads\\usbwebserver_v8.6.2\\usbwebserver\\root\\index.php on line 35
[Tue Nov 24 00:01:08.579667 2020] [php7:warn] [pid 1980:tid 1208] [client ::1:56240] PHP Warning:  mysqli::query(): Couldn't fetch mysqli in C:\\Users\\Aija-Monika.Vainina\\Downloads\\usbwebserver_v8.6.2\\usbwebserver\\root\\index.php on line 38
[Tue Nov 24 00:01:08.579667 2020] [php7:notice] [pid 1980:tid 1208] [client ::1:56240] PHP Notice:  Trying to get property of non-object in C:\\Users\\Aija-Monika.Vainina\\Downloads\\usbwebserver_v8.6.2\\usbwebserver\\root\\index.php on line 40
[Tue Nov 24 00:01:53.472281 2020] [php7:warn] [pid 1980:tid 1208] [client ::1:56245] PHP Warning:  mysqli::__construct(): (HY000/1049): Unknown database 'b\xef\xbf\xbdvvalde' in C:\\Users\\Aija-Monika.Vainina\\Downloads\\usbwebserver_v8.6.2\\usbwebserver\\root\\index.php on line 30
[Tue Nov 24 00:01:53.472281 2020] [php7:warn] [pid 1980:tid 1208] [client ::1:56245] PHP Warning:  main(): Couldn't fetch mysqli in C:\\Users\\Aija-Monika.Vainina\\Downloads\\usbwebserver_v8.6.2\\usbwebserver\\root\\index.php on line 35
[Tue Nov 24 00:01:53.472281 2020] [php7:warn] [pid 1980:tid 1208] [client ::1:56245] PHP Warning:  mysqli::query(): Couldn't fetch mysqli in C:\\Users\\Aija-Monika.Vainina\\Downloads\\usbwebserver_v8.6.2\\usbwebserver\\root\\index.php on line 38
[Tue Nov 24 00:01:53.472281 2020] [php7:notice] [pid 1980:tid 1208] [client ::1:56245] PHP Notice:  Trying to get property of non-object in C:\\Users\\Aija-Monika.Vainina\\Downloads\\usbwebserver_v8.6.2\\usbwebserver\\root\\index.php on line 40
[Tue Nov 24 00:01:54.538470 2020] [php7:warn] [pid 1980:tid 1208] [client ::1:56245] PHP Warning:  mysqli::__construct(): (HY000/1049): Unknown database 'b\xef\xbf\xbdvvalde' in C:\\Users\\Aija-Monika.Vainina\\Downloads\\usbwebserver_v8.6.2\\usbwebserver\\root\\index.php on line 30
[Tue Nov 24 00:01:54.538707 2020] [php7:warn] [pid 1980:tid 1208] [client ::1:56245] PHP Warning:  main(): Couldn't fetch mysqli in C:\\Users\\Aija-Monika.Vainina\\Downloads\\usbwebserver_v8.6.2\\usbwebserver\\root\\index.php on line 35
[Tue Nov 24 00:01:54.538707 2020] [php7:warn] [pid 1980:tid 1208] [client ::1:56245] PHP Warning:  mysqli::query(): Couldn't fetch mysqli in C:\\Users\\Aija-Monika.Vainina\\Downloads\\usbwebserver_v8.6.2\\usbwebserver\\root\\index.php on line 38
[Tue Nov 24 00:01:54.538707 2020] [php7:notice] [pid 1980:tid 1208] [client ::1:56245] PHP Notice:  Trying to get property of non-object in C:\\Users\\Aija-Monika.Vainina\\Downloads\\usbwebserver_v8.6.2\\usbwebserver\\root\\index.php on line 40
[Tue Nov 24 00:02:45.510053 2020] [php7:warn] [pid 1980:tid 1208] [client ::1:56255] PHP Warning:  mysqli::__construct(): (HY000/1049): Unknown database 'b\xef\xbf\xbdvvalde' in C:\\Users\\Aija-Monika.Vainina\\Downloads\\usbwebserver_v8.6.2\\usbwebserver\\root\\index.php on line 30
[Tue Nov 24 00:02:45.510053 2020] [php7:warn] [pid 1980:tid 1208] [client ::1:56255] PHP Warning:  main(): Couldn't fetch mysqli in C:\\Users\\Aija-Monika.Vainina\\Downloads\\usbwebserver_v8.6.2\\usbwebserver\\root\\index.php on line 35
[Tue Nov 24 00:02:45.510053 2020] [php7:warn] [pid 1980:tid 1208] [client ::1:56255] PHP Warning:  mysqli::query(): Couldn't fetch mysqli in C:\\Users\\Aija-Monika.Vainina\\Downloads\\usbwebserver_v8.6.2\\usbwebserver\\root\\index.php on line 38
[Tue Nov 24 00:02:45.510053 2020] [php7:notice] [pid 1980:tid 1208] [client ::1:56255] PHP Notice:  Trying to get property of non-object in C:\\Users\\Aija-Monika.Vainina\\Downloads\\usbwebserver_v8.6.2\\usbwebserver\\root\\index.php on line 40
[Tue Nov 24 00:02:46.955322 2020] [php7:warn] [pid 1980:tid 1208] [client ::1:56255] PHP Warning:  mysqli::__construct(): (HY000/1049): Unknown database 'b\xef\xbf\xbdvvalde' in C:\\Users\\Aija-Monika.Vainina\\Downloads\\usbwebserver_v8.6.2\\usbwebserver\\root\\index.php on line 30
[Tue Nov 24 00:02:46.955322 2020] [php7:warn] [pid 1980:tid 1208] [client ::1:56255] PHP Warning:  main(): Couldn't fetch mysqli in C:\\Users\\Aija-Monika.Vainina\\Downloads\\usbwebserver_v8.6.2\\usbwebserver\\root\\index.php on line 35
[Tue Nov 24 00:02:46.955322 2020] [php7:warn] [pid 1980:tid 1208] [client ::1:56255] PHP Warning:  mysqli::query(): Couldn't fetch mysqli in C:\\Users\\Aija-Monika.Vainina\\Downloads\\usbwebserver_v8.6.2\\usbwebserver\\root\\index.php on line 38
[Tue Nov 24 00:02:46.955322 2020] [php7:notice] [pid 1980:tid 1208] [client ::1:56255] PHP Notice:  Trying to get property of non-object in C:\\Users\\Aija-Monika.Vainina\\Downloads\\usbwebserver_v8.6.2\\usbwebserver\\root\\index.php on line 40
[Tue Nov 24 00:07:40.260113 2020] [php7:warn] [pid 1980:tid 1212] [client ::1:56350] PHP Warning:  mysqli::__construct(): (HY000/1049): Unknown database 'b\xef\xbf\xbdvvalde' in C:\\Users\\Aija-Monika.Vainina\\Downloads\\usbwebserver_v8.6.2\\usbwebserver\\root\\index.php on line 30
[Tue Nov 24 00:07:40.260113 2020] [php7:warn] [pid 1980:tid 1212] [client ::1:56350] PHP Warning:  main(): Couldn't fetch mysqli in C:\\Users\\Aija-Monika.Vainina\\Downloads\\usbwebserver_v8.6.2\\usbwebserver\\root\\index.php on line 35
[Tue Nov 24 00:07:40.261119 2020] [php7:warn] [pid 1980:tid 1212] [client ::1:56350] PHP Warning:  mysqli::query(): Couldn't fetch mysqli in C:\\Users\\Aija-Monika.Vainina\\Downloads\\usbwebserver_v8.6.2\\usbwebserver\\root\\index.php on line 38
[Tue Nov 24 00:07:40.261119 2020] [php7:notice] [pid 1980:tid 1212] [client ::1:56350] PHP Notice:  Trying to get property of non-object in C:\\Users\\Aija-Monika.Vainina\\Downloads\\usbwebserver_v8.6.2\\usbwebserver\\root\\index.php on line 40
[Tue Nov 24 00:07:42.519157 2020] [php7:warn] [pid 1980:tid 1212] [client ::1:56350] PHP Warning:  mysqli::__construct(): (HY000/1049): Unknown database 'b\xef\xbf\xbdvvalde' in C:\\Users\\Aija-Monika.Vainina\\Downloads\\usbwebserver_v8.6.2\\usbwebserver\\root\\index.php on line 30
[Tue Nov 24 00:07:42.519157 2020] [php7:warn] [pid 1980:tid 1212] [client ::1:56350] PHP Warning:  main(): Couldn't fetch mysqli in C:\\Users\\Aija-Monika.Vainina\\Downloads\\usbwebserver_v8.6.2\\usbwebserver\\root\\index.php on line 35
[Tue Nov 24 00:07:42.519845 2020] [php7:warn] [pid 1980:tid 1212] [client ::1:56350] PHP Warning:  mysqli::query(): Couldn't fetch mysqli in C:\\Users\\Aija-Monika.Vainina\\Downloads\\usbwebserver_v8.6.2\\usbwebserver\\root\\index.php on line 38
[Tue Nov 24 00:07:42.519845 2020] [php7:notice] [pid 1980:tid 1212] [client ::1:56350] PHP Notice:  Trying to get property of non-object in C:\\Users\\Aija-Monika.Vainina\\Downloads\\usbwebserver_v8.6.2\\usbwebserver\\root\\index.php on line 40
[Tue Nov 24 00:07:46.444785 2020] [php7:warn] [pid 1980:tid 1212] [client ::1:56354] PHP Warning:  mysqli::__construct(): (HY000/1049): Unknown database 'b\xef\xbf\xbdvvalde' in C:\\Users\\Aija-Monika.Vainina\\Downloads\\usbwebserver_v8.6.2\\usbwebserver\\root\\index.php on line 30
[Tue Nov 24 00:07:46.445236 2020] [php7:warn] [pid 1980:tid 1212] [client ::1:56354] PHP Warning:  main(): Couldn't fetch mysqli in C:\\Users\\Aija-Monika.Vainina\\Downloads\\usbwebserver_v8.6.2\\usbwebserver\\root\\index.php on line 35
[Tue Nov 24 00:07:46.445236 2020] [php7:warn] [pid 1980:tid 1212] [client ::1:56354] PHP Warning:  mysqli::query(): Couldn't fetch mysqli in C:\\Users\\Aija-Monika.Vainina\\Downloads\\usbwebserver_v8.6.2\\usbwebserver\\root\\index.php on line 38
[Tue Nov 24 00:07:46.445236 2020] [php7:notice] [pid 1980:tid 1212] [client ::1:56354] PHP Notice:  Trying to get property of non-object in C:\\Users\\Aija-Monika.Vainina\\Downloads\\usbwebserver_v8.6.2\\usbwebserver\\root\\index.php on line 40
[Tue Nov 24 15:01:17.644112 2020] [php7:notice] [pid 1980:tid 1200] [client ::1:58076] PHP Notice:  Trying to get property of non-object in C:\\Users\\Aija-Monika.Vainina\\Downloads\\usbwebserver_v8.6.2\\usbwebserver\\root\\index.php on line 40
[Tue Nov 24 15:04:30.311293 2020] [php7:notice] [pid 1980:tid 1200] [client ::1:58111] PHP Notice:  Trying to get property of non-object in C:\\Users\\Aija-Monika.Vainina\\Downloads\\usbwebserver_v8.6.2\\usbwebserver\\root\\index.php on line 40
[Tue Nov 24 15:04:32.143057 2020] [php7:notice] [pid 1980:tid 1200] [client ::1:58111] PHP Notice:  Trying to get property of non-object in C:\\Users\\Aija-Monika.Vainina\\Downloads\\usbwebserver_v8.6.2\\usbwebserver\\root\\index.php on line 40
[Tue Nov 24 19:30:31.049844 2020] [php7:notice] [pid 1980:tid 1208] [client ::1:51430] PHP Notice:  Trying to get property of non-object in C:\\Users\\Aija-Monika.Vainina\\Downloads\\usbwebserver_v8.6.2\\usbwebserver\\root\\search.php on line 17, referer: http://localhost/
[Tue Nov 24 19:30:47.150269 2020] [php7:notice] [pid 1980:tid 1208] [client ::1:51436] PHP Notice:  Trying to get property of non-object in C:\\Users\\Aija-Monika.Vainina\\Downloads\\usbwebserver_v8.6.2\\usbwebserver\\root\\search.php on line 17, referer: http://localhost/
[Tue Nov 24 19:32:30.496717 2020] [php7:notice] [pid 1980:tid 1200] [client ::1:51439] PHP Notice:  Trying to get property of non-object in C:\\Users\\Aija-Monika.Vainina\\Downloads\\usbwebserver_v8.6.2\\usbwebserver\\root\\search.php on line 17, referer: http://localhost/
[Tue Nov 24 19:32:44.451037 2020] [php7:notice] [pid 1980:tid 1208] [client ::1:51443] PHP Notice:  Trying to get property of non-object in C:\\Users\\Aija-Monika.Vainina\\Downloads\\usbwebserver_v8.6.2\\usbwebserver\\root\\search.php on line 17, referer: http://localhost/
[Tue Nov 24 19:39:30.246070 2020] [php7:notice] [pid 1980:tid 1208] [client ::1:58247] PHP Notice:  Undefined index: Objekts in C:\\Users\\Aija-Monika.Vainina\\Downloads\\usbwebserver_v8.6.2\\usbwebserver\\root\\search.php on line 21, referer: http://localhost/
[Tue Nov 24 19:39:30.246070 2020] [php7:notice] [pid 1980:tid 1208] [client ::1:58247] PHP Notice:  Undefined index: Atbild\xc4\xabgais projekt\xc4\x93t\xc4\x81js in C:\\Users\\Aija-Monika.Vainina\\Downloads\\usbwebserver_v8.6.2\\usbwebserver\\root\\search.php on line 22, referer: http://localhost/
[Tue Nov 24 19:39:30.246070 2020] [php7:notice] [pid 1980:tid 1208] [client ::1:58247] PHP Notice:  Undefined index: Objekts in C:\\Users\\Aija-Monika.Vainina\\Downloads\\usbwebserver_v8.6.2\\usbwebserver\\root\\search.php on line 21, referer: http://localhost/
[Tue Nov 24 19:39:30.246070 2020] [php7:notice] [pid 1980:tid 1208] [client ::1:58247] PHP Notice:  Undefined index: Atbild\xc4\xabgais projekt\xc4\x93t\xc4\x81js in C:\\Users\\Aija-Monika.Vainina\\Downloads\\usbwebserver_v8.6.2\\usbwebserver\\root\\search.php on line 22, referer: http://localhost/
[Tue Nov 24 19:40:25.440569 2020] [php7:notice] [pid 1980:tid 1200] [client ::1:58255] PHP Notice:  Undefined index: Objekts in C:\\Users\\Aija-Monika.Vainina\\Downloads\\usbwebserver_v8.6.2\\usbwebserver\\root\\search.php on line 21, referer: http://localhost/
[Tue Nov 24 19:40:25.440569 2020] [php7:notice] [pid 1980:tid 1200] [client ::1:58255] PHP Notice:  Undefined index: Atbild\xc4\xabgais projekt\xc4\x93t\xc4\x81js in C:\\Users\\Aija-Monika.Vainina\\Downloads\\usbwebserver_v8.6.2\\usbwebserver\\root\\search.php on line 22, referer: http://localhost/
[Tue Nov 24 19:40:25.440569 2020] [php7:notice] [pid 1980:tid 1200] [client ::1:58255] PHP Notice:  Undefined index: Objekts in C:\\Users\\Aija-Monika.Vainina\\Downloads\\usbwebserver_v8.6.2\\usbwebserver\\root\\search.php on line 21, referer: http://localhost/
[Tue Nov 24 19:40:25.440569 2020] [php7:notice] [pid 1980:tid 1200] [client ::1:58255] PHP Notice:  Undefined index: Atbild\xc4\xabgais projekt\xc4\x93t\xc4\x81js in C:\\Users\\Aija-Monika.Vainina\\Downloads\\usbwebserver_v8.6.2\\usbwebserver\\root\\search.php on line 22, referer: http://localhost/
[Tue Nov 24 19:41:07.864296 2020] [php7:notice] [pid 1980:tid 1208] [client ::1:58270] PHP Notice:  Undefined index: Objekts in C:\\Users\\Aija-Monika.Vainina\\Downloads\\usbwebserver_v8.6.2\\usbwebserver\\root\\search.php on line 21, referer: http://localhost/
[Tue Nov 24 19:41:07.865285 2020] [php7:notice] [pid 1980:tid 1208] [client ::1:58270] PHP Notice:  Undefined index: Atbild\xc4\xabgais projekt\xc4\x93t\xc4\x81js in C:\\Users\\Aija-Monika.Vainina\\Downloads\\usbwebserver_v8.6.2\\usbwebserver\\root\\search.php on line 22, referer: http://localhost/
[Tue Nov 24 19:41:07.865285 2020] [php7:notice] [pid 1980:tid 1208] [client ::1:58270] PHP Notice:  Undefined index: Objekts in C:\\Users\\Aija-Monika.Vainina\\Downloads\\usbwebserver_v8.6.2\\usbwebserver\\root\\search.php on line 21, referer: http://localhost/
[Tue Nov 24 19:41:07.865285 2020] [php7:notice] [pid 1980:tid 1208] [client ::1:58270] PHP Notice:  Undefined index: Atbild\xc4\xabgais projekt\xc4\x93t\xc4\x81js in C:\\Users\\Aija-Monika.Vainina\\Downloads\\usbwebserver_v8.6.2\\usbwebserver\\root\\search.php on line 22, referer: http://localhost/
[Tue Nov 24 19:41:07.865285 2020] [php7:notice] [pid 1980:tid 1208] [client ::1:58270] PHP Notice:  Undefined index: Objekts in C:\\Users\\Aija-Monika.Vainina\\Downloads\\usbwebserver_v8.6.2\\usbwebserver\\root\\search.php on line 21, referer: http://localhost/
[Tue Nov 24 19:41:07.865285 2020] [php7:notice] [pid 1980:tid 1208] [client ::1:58270] PHP Notice:  Undefined index: Atbild\xc4\xabgais projekt\xc4\x93t\xc4\x81js in C:\\Users\\Aija-Monika.Vainina\\Downloads\\usbwebserver_v8.6.2\\usbwebserver\\root\\search.php on line 22, referer: http://localhost/
[Tue Nov 24 19:41:07.865285 2020] [php7:notice] [pid 1980:tid 1208] [client ::1:58270] PHP Notice:  Undefined index: Objekts in C:\\Users\\Aija-Monika.Vainina\\Downloads\\usbwebserver_v8.6.2\\usbwebserver\\root\\search.php on line 21, referer: http://localhost/
[Tue Nov 24 19:41:07.865285 2020] [php7:notice] [pid 1980:tid 1208] [client ::1:58270] PHP Notice:  Undefined index: Atbild\xc4\xabgais projekt\xc4\x93t\xc4\x81js in C:\\Users\\Aija-Monika.Vainina\\Downloads\\usbwebserver_v8.6.2\\usbwebserver\\root\\search.php on line 22, referer: http://localhost/
[Tue Nov 24 19:41:48.022233 2020] [php7:notice] [pid 1980:tid 1208] [client ::1:58277] PHP Notice:  Trying to get property of non-object in C:\\Users\\Aija-Monika.Vainina\\Downloads\\usbwebserver_v8.6.2\\usbwebserver\\root\\search.php on line 17, referer: http://localhost/
[Tue Nov 24 19:42:39.623593 2020] [php7:notice] [pid 1980:tid 1200] [client ::1:58283] PHP Notice:  Undefined index: Atbild\xc4\xabgais projekt\xc4\x93t\xc4\x81js in C:\\Users\\Aija-Monika.Vainina\\Downloads\\usbwebserver_v8.6.2\\usbwebserver\\root\\search.php on line 22, referer: http://localhost/
[Tue Nov 24 19:42:39.623593 2020] [php7:notice] [pid 1980:tid 1200] [client ::1:58283] PHP Notice:  Undefined index: Atbild\xc4\xabgais projekt\xc4\x93t\xc4\x81js in C:\\Users\\Aija-Monika.Vainina\\Downloads\\usbwebserver_v8.6.2\\usbwebserver\\root\\search.php on line 22, referer: http://localhost/
[Tue Nov 24 19:42:39.623593 2020] [php7:notice] [pid 1980:tid 1200] [client ::1:58283] PHP Notice:  Undefined index: Atbild\xc4\xabgais projekt\xc4\x93t\xc4\x81js in C:\\Users\\Aija-Monika.Vainina\\Downloads\\usbwebserver_v8.6.2\\usbwebserver\\root\\search.php on line 22, referer: http://localhost/
[Tue Nov 24 19:42:39.623593 2020] [php7:notice] [pid 1980:tid 1200] [client ::1:58283] PHP Notice:  Undefined index: Atbild\xc4\xabgais projekt\xc4\x93t\xc4\x81js in C:\\Users\\Aija-Monika.Vainina\\Downloads\\usbwebserver_v8.6.2\\usbwebserver\\root\\search.php on line 22, referer: http://localhost/
[Tue Nov 24 19:42:39.623593 2020] [php7:notice] [pid 1980:tid 1200] [client ::1:58283] PHP Notice:  Undefined index: Atbild\xc4\xabgais projekt\xc4\x93t\xc4\x81js in C:\\Users\\Aija-Monika.Vainina\\Downloads\\usbwebserver_v8.6.2\\usbwebserver\\root\\search.php on line 22, referer: http://localhost/
[Tue Nov 24 19:42:39.623593 2020] [php7:notice] [pid 1980:tid 1200] [client ::1:58283] PHP Notice:  Undefined index: Atbild\xc4\xabgais projekt\xc4\x93t\xc4\x81js in C:\\Users\\Aija-Monika.Vainina\\Downloads\\usbwebserver_v8.6.2\\usbwebserver\\root\\search.php on line 22, referer: http://localhost/
[Tue Nov 24 19:42:39.623593 2020] [php7:notice] [pid 1980:tid 1200] [client ::1:58283] PHP Notice:  Undefined index: Atbild\xc4\xabgais projekt\xc4\x93t\xc4\x81js in C:\\Users\\Aija-Monika.Vainina\\Downloads\\usbwebserver_v8.6.2\\usbwebserver\\root\\search.php on line 22, referer: http://localhost/
[Tue Nov 24 19:42:39.623593 2020] [php7:notice] [pid 1980:tid 1200] [client ::1:58283] PHP Notice:  Undefined index: Atbild\xc4\xabgais projekt\xc4\x93t\xc4\x81js in C:\\Users\\Aija-Monika.Vainina\\Downloads\\usbwebserver_v8.6.2\\usbwebserver\\root\\search.php on line 22, referer: http://localhost/
[Tue Nov 24 19:42:39.623593 2020] [php7:notice] [pid 1980:tid 1200] [client ::1:58283] PHP Notice:  Undefined index: Atbild\xc4\xabgais projekt\xc4\x93t\xc4\x81js in C:\\Users\\Aija-Monika.Vainina\\Downloads\\usbwebserver_v8.6.2\\usbwebserver\\root\\search.php on line 22, referer: http://localhost/
[Tue Nov 24 19:42:39.623593 2020] [php7:notice] [pid 1980:tid 1200] [client ::1:58283] PHP Notice:  Undefined index: Atbild\xc4\xabgais projekt\xc4\x93t\xc4\x81js in C:\\Users\\Aija-Monika.Vainina\\Downloads\\usbwebserver_v8.6.2\\usbwebserver\\root\\search.php on line 22, referer: http://localhost/
[Tue Nov 24 19:42:39.623593 2020] [php7:notice] [pid 1980:tid 1200] [client ::1:58283] PHP Notice:  Undefined index: Atbild\xc4\xabgais projekt\xc4\x93t\xc4\x81js in C:\\Users\\Aija-Monika.Vainina\\Downloads\\usbwebserver_v8.6.2\\usbwebserver\\root\\search.php on line 22, referer: http://localhost/
[Tue Nov 24 19:42:39.623593 2020] [php7:notice] [pid 1980:tid 1200] [client ::1:58283] PHP Notice:  Undefined index: Atbild\xc4\xabgais projekt\xc4\x93t\xc4\x81js in C:\\Users\\Aija-Monika.Vainina\\Downloads\\usbwebserver_v8.6.2\\usbwebserver\\root\\search.php on line 22, referer: http://localhost/
[Tue Nov 24 19:43:32.947953 2020] [php7:notice] [pid 1980:tid 1200] [client ::1:58309] PHP Notice:  Undefined index: Atbild\xc4\xabgais projekt\xc4\x93t\xc4\x81js in C:\\Users\\Aija-Monika.Vainina\\Downloads\\usbwebserver_v8.6.2\\usbwebserver\\root\\search.php on line 22, referer: http://localhost/
[Tue Nov 24 19:43:32.947953 2020] [php7:notice] [pid 1980:tid 1200] [client ::1:58309] PHP Notice:  Undefined index: Atbild\xc4\xabgais projekt\xc4\x93t\xc4\x81js in C:\\Users\\Aija-Monika.Vainina\\Downloads\\usbwebserver_v8.6.2\\usbwebserver\\root\\search.php on line 22, referer: http://localhost/
[Tue Nov 24 19:43:32.947953 2020] [php7:notice] [pid 1980:tid 1200] [client ::1:58309] PHP Notice:  Undefined index: Atbild\xc4\xabgais projekt\xc4\x93t\xc4\x81js in C:\\Users\\Aija-Monika.Vainina\\Downloads\\usbwebserver_v8.6.2\\usbwebserver\\root\\search.php on line 22, referer: http://localhost/
[Tue Nov 24 19:43:32.947953 2020] [php7:notice] [pid 1980:tid 1200] [client ::1:58309] PHP Notice:  Undefined index: Atbild\xc4\xabgais projekt\xc4\x93t\xc4\x81js in C:\\Users\\Aija-Monika.Vainina\\Downloads\\usbwebserver_v8.6.2\\usbwebserver\\root\\search.php on line 22, referer: http://localhost/
[Tue Nov 24 19:43:32.947953 2020] [php7:notice] [pid 1980:tid 1200] [client ::1:58309] PHP Notice:  Undefined index: Atbild\xc4\xabgais projekt\xc4\x93t\xc4\x81js in C:\\Users\\Aija-Monika.Vainina\\Downloads\\usbwebserver_v8.6.2\\usbwebserver\\root\\search.php on line 22, referer: http://localhost/
[Tue Nov 24 19:43:32.947953 2020] [php7:notice] [pid 1980:tid 1200] [client ::1:58309] PHP Notice:  Undefined index: Atbild\xc4\xabgais projekt\xc4\x93t\xc4\x81js in C:\\Users\\Aija-Monika.Vainina\\Downloads\\usbwebserver_v8.6.2\\usbwebserver\\root\\search.php on line 22, referer: http://localhost/
[Tue Nov 24 19:43:32.947953 2020] [php7:notice] [pid 1980:tid 1200] [client ::1:58309] PHP Notice:  Undefined index: Atbild\xc4\xabgais projekt\xc4\x93t\xc4\x81js in C:\\Users\\Aija-Monika.Vainina\\Downloads\\usbwebserver_v8.6.2\\usbwebserver\\root\\search.php on line 22, referer: http://localhost/
[Tue Nov 24 19:43:32.947953 2020] [php7:notice] [pid 1980:tid 1200] [client ::1:58309] PHP Notice:  Undefined index: Atbild\xc4\xabgais projekt\xc4\x93t\xc4\x81js in C:\\Users\\Aija-Monika.Vainina\\Downloads\\usbwebserver_v8.6.2\\usbwebserver\\root\\search.php on line 22, referer: http://localhost/
[Tue Nov 24 19:43:32.947953 2020] [php7:notice] [pid 1980:tid 1200] [client ::1:58309] PHP Notice:  Undefined index: Atbild\xc4\xabgais projekt\xc4\x93t\xc4\x81js in C:\\Users\\Aija-Monika.Vainina\\Downloads\\usbwebserver_v8.6.2\\usbwebserver\\root\\search.php on line 22, referer: http://localhost/
[Tue Nov 24 19:43:32.947953 2020] [php7:notice] [pid 1980:tid 1200] [client ::1:58309] PHP Notice:  Undefined index: Atbild\xc4\xabgais projekt\xc4\x93t\xc4\x81js in C:\\Users\\Aija-Monika.Vainina\\Downloads\\usbwebserver_v8.6.2\\usbwebserver\\root\\search.php on line 22, referer: http://localhost/
[Tue Nov 24 19:43:32.947953 2020] [php7:notice] [pid 1980:tid 1200] [client ::1:58309] PHP Notice:  Undefined index: Atbild\xc4\xabgais projekt\xc4\x93t\xc4\x81js in C:\\Users\\Aija-Monika.Vainina\\Downloads\\usbwebserver_v8.6.2\\usbwebserver\\root\\search.php on line 22, referer: http://localhost/
[Tue Nov 24 19:43:32.947953 2020] [php7:notice] [pid 1980:tid 1200] [client ::1:58309] PHP Notice:  Undefined index: Atbild\xc4\xabgais projekt\xc4\x93t\xc4\x81js in C:\\Users\\Aija-Monika.Vainina\\Downloads\\usbwebserver_v8.6.2\\usbwebserver\\root\\search.php on line 22, referer: http://localhost/
[Tue Nov 24 19:43:43.267941 2020] [php7:notice] [pid 1980:tid 1208] [client ::1:58312] PHP Notice:  Undefined index: Atbild\xc4\xabgais projekt\xc4\x93t\xc4\x81js in C:\\Users\\Aija-Monika.Vainina\\Downloads\\usbwebserver_v8.6.2\\usbwebserver\\root\\search.php on line 22, referer: http://localhost/
[Tue Nov 24 19:43:43.268936 2020] [php7:notice] [pid 1980:tid 1208] [client ::1:58312] PHP Notice:  Undefined index: Atbild\xc4\xabgais projekt\xc4\x93t\xc4\x81js in C:\\Users\\Aija-Monika.Vainina\\Downloads\\usbwebserver_v8.6.2\\usbwebserver\\root\\search.php on line 22, referer: http://localhost/
