2020-11-19 22:33:50 12520 [Note] Plugin 'FEDERATED' is disabled.
2020-11-19 22:33:50 12520 [Note] InnoDB: Using atomics to ref count buffer pool pages
2020-11-19 22:33:50 12520 [Note] InnoDB: The InnoDB memory heap is disabled
2020-11-19 22:33:50 12520 [Note] InnoDB: Mutexes and rw_locks use Windows interlocked functions
2020-11-19 22:33:50 12520 [Note] InnoDB: Memory barrier is not used
2020-11-19 22:33:50 12520 [Note] InnoDB: Compressed tables use zlib 1.2.3
2020-11-19 22:33:50 12520 [Note] InnoDB: Not using CPU crc32 instructions
2020-11-19 22:33:50 12520 [Note] InnoDB: Initializing buffer pool, size = 128.0M
2020-11-19 22:33:50 12520 [Note] InnoDB: Completed initialization of buffer pool
2020-11-19 22:33:50 12520 [Note] InnoDB: Setting log file C:\Users\Aija-Monika.Vainina\Downloads\usbwebserver_v8.6.2\usbwebserver\mysql\data\ib_logfile101 size to 5 MB
2020-11-19 22:33:51 12520 [Note] InnoDB: Setting log file C:\Users\Aija-Monika.Vainina\Downloads\usbwebserver_v8.6.2\usbwebserver\mysql\data\ib_logfile1 size to 5 MB
2020-11-19 22:33:51 12520 [Note] InnoDB: Renaming log file C:\Users\Aija-Monika.Vainina\Downloads\usbwebserver_v8.6.2\usbwebserver\mysql\data\ib_logfile101 to C:\Users\Aija-Monika.Vainina\Downloads\usbwebserver_v8.6.2\usbwebserver\mysql\data\ib_logfile0
2020-11-19 22:33:51 12520 [Warning] InnoDB: New log files created, LSN=1626134
2020-11-19 22:33:51 12520 [Note] InnoDB: Highest supported file format is Barracuda.
2020-11-19 22:33:51 2f90 InnoDB: Error: page 5 log sequence number 1626646
InnoDB: is in the future! Current system log sequence number 1626636.
InnoDB: Your database may be corrupt or you may have copied the InnoDB
InnoDB: tablespace but not the InnoDB log files. See
InnoDB: http://dev.mysql.com/doc/refman/5.6/en/forcing-innodb-recovery.html
InnoDB: for more information.
2020-11-19 22:33:51 12520 [Note] InnoDB: 128 rollback segment(s) are active.
2020-11-19 22:33:51 12520 [Note] InnoDB: Waiting for purge to start
2020-11-19 22:33:51 12520 [Note] InnoDB: 5.6.34 started; log sequence number 1626636
2020-11-19 22:33:51 12520 [Warning] No existing UUID has been found, so we assume that this is the first time that this server has been started. Generating a new UUID: 890a8590-2aa6-11eb-83a4-54e1ad2730ff.
2020-11-19 22:33:51 12520 [Note] Server hostname (bind-address): '*'; port: 3306
2020-11-19 22:33:51 12520 [Note] IPv6 is available.
2020-11-19 22:33:51 12520 [Note]   - '::' resolves to '::';
2020-11-19 22:33:51 12520 [Note] Server socket created on IP: '::'.
2020-11-21 14:35:47 5424 [Note] Plugin 'FEDERATED' is disabled.
2020-11-21 14:35:47 5424 [Note] InnoDB: Using atomics to ref count buffer pool pages
2020-11-21 14:35:47 5424 [Note] InnoDB: The InnoDB memory heap is disabled
2020-11-21 14:35:47 5424 [Note] InnoDB: Mutexes and rw_locks use Windows interlocked functions
2020-11-21 14:35:47 5424 [Note] InnoDB: Memory barrier is not used
2020-11-21 14:35:47 5424 [Note] InnoDB: Compressed tables use zlib 1.2.3
2020-11-21 14:35:47 5424 [Note] InnoDB: Not using CPU crc32 instructions
2020-11-21 14:35:47 5424 [Note] InnoDB: Initializing buffer pool, size = 128.0M
2020-11-21 14:35:47 5424 [Note] InnoDB: Completed initialization of buffer pool
2020-11-21 14:35:47 5424 [Note] InnoDB: Highest supported file format is Barracuda.
2020-11-21 14:35:47 5424 [Note] InnoDB: The log sequence numbers 1626134 and 1626134 in ibdata files do not match the log sequence number 1626646 in the ib_logfiles!
2020-11-21 14:35:47 5424 [Note] InnoDB: Database was not shutdown normally!
2020-11-21 14:35:47 5424 [Note] InnoDB: Starting crash recovery.
2020-11-21 14:35:47 5424 [Note] InnoDB: Reading tablespace information from the .ibd files...
2020-11-21 14:35:47 5424 [Note] InnoDB: Restoring possible half-written data pages 
2020-11-21 14:35:47 5424 [Note] InnoDB: from the doublewrite buffer...
2020-11-21 14:35:47 5424 [Note] InnoDB: 128 rollback segment(s) are active.
2020-11-21 14:35:47 5424 [Note] InnoDB: Waiting for purge to start
2020-11-21 14:35:47 5424 [Note] InnoDB: 5.6.34 started; log sequence number 1626646
2020-11-21 14:35:47 5424 [Note] Server hostname (bind-address): '*'; port: 3306
2020-11-21 14:35:47 5424 [Note] IPv6 is available.
2020-11-21 14:35:47 5424 [Note]   - '::' resolves to '::';
2020-11-21 14:35:47 5424 [Note] Server socket created on IP: '::'.
2020-11-23 23:04:47 4192 [Note] Plugin 'FEDERATED' is disabled.
2020-11-23 23:04:47 4192 [Note] InnoDB: Using atomics to ref count buffer pool pages
2020-11-23 23:04:47 4192 [Note] InnoDB: The InnoDB memory heap is disabled
2020-11-23 23:04:47 4192 [Note] InnoDB: Mutexes and rw_locks use Windows interlocked functions
2020-11-23 23:04:47 4192 [Note] InnoDB: Memory barrier is not used
2020-11-23 23:04:47 4192 [Note] InnoDB: Compressed tables use zlib 1.2.3
2020-11-23 23:04:47 4192 [Note] InnoDB: Not using CPU crc32 instructions
2020-11-23 23:04:47 4192 [Note] InnoDB: Initializing buffer pool, size = 128.0M
2020-11-23 23:04:47 4192 [Note] InnoDB: Completed initialization of buffer pool
2020-11-23 23:04:47 4192 [Note] InnoDB: Highest supported file format is Barracuda.
2020-11-23 23:04:47 4192 [Note] InnoDB: The log sequence numbers 1626134 and 1626134 in ibdata files do not match the log sequence number 3676809 in the ib_logfiles!
2020-11-23 23:04:47 4192 [Note] InnoDB: Database was not shutdown normally!
2020-11-23 23:04:47 4192 [Note] InnoDB: Starting crash recovery.
2020-11-23 23:04:47 4192 [Note] InnoDB: Reading tablespace information from the .ibd files...
2020-11-23 23:04:47 4192 [Note] InnoDB: Restoring possible half-written data pages 
2020-11-23 23:04:47 4192 [Note] InnoDB: from the doublewrite buffer...
2020-11-23 23:04:48 4192 [Note] InnoDB: 128 rollback segment(s) are active.
2020-11-23 23:04:48 4192 [Note] InnoDB: Waiting for purge to start
2020-11-23 23:04:48 4192 [Note] InnoDB: 5.6.34 started; log sequence number 3676809
2020-11-23 23:04:48 4192 [Note] Server hostname (bind-address): '*'; port: 3306
2020-11-23 23:04:48 4192 [Note] IPv6 is available.
2020-11-23 23:04:48 4192 [Note]   - '::' resolves to '::';
2020-11-23 23:04:48 4192 [Note] Server socket created on IP: '::'.
2020-11-23 23:24:42 6576 [Note] Plugin 'FEDERATED' is disabled.
2020-11-23 23:24:42 6576 [Note] InnoDB: Using atomics to ref count buffer pool pages
2020-11-23 23:24:42 6576 [Note] InnoDB: The InnoDB memory heap is disabled
2020-11-23 23:24:42 6576 [Note] InnoDB: Mutexes and rw_locks use Windows interlocked functions
2020-11-23 23:24:42 6576 [Note] InnoDB: Memory barrier is not used
2020-11-23 23:24:42 6576 [Note] InnoDB: Compressed tables use zlib 1.2.3
2020-11-23 23:24:42 6576 [Note] InnoDB: Not using CPU crc32 instructions
2020-11-23 23:24:42 6576 [Note] InnoDB: Initializing buffer pool, size = 128.0M
2020-11-23 23:24:42 6576 [Note] InnoDB: Completed initialization of buffer pool
2020-11-23 23:24:42 6576 [ERROR] InnoDB: C:\Users\Aija-Monika.Vainina\Downloads\usbwebserver_v8.6.2\usbwebserver\mysql\data\ibdata1 can't be opened in read-write mode
2020-11-23 23:24:42 6576 [ERROR] InnoDB: The system tablespace must be writable!
2020-11-23 23:24:42 6576 [ERROR] Plugin 'InnoDB' init function returned error.
2020-11-23 23:24:42 6576 [ERROR] Plugin 'InnoDB' registration as a STORAGE ENGINE failed.
2020-11-23 23:24:42 6576 [ERROR] Unknown/unsupported storage engine: InnoDB
2020-11-23 23:24:42 6576 [ERROR] Aborting

2020-11-23 23:24:42 6576 [Note] Binlog end
2020-11-23 23:24:42 6576 [Note] Shutting down plugin 'partition'
2020-11-23 23:24:42 6576 [Note] Shutting down plugin 'PERFORMANCE_SCHEMA'
2020-11-23 23:24:42 6576 [Note] Shutting down plugin 'INNODB_SYS_DATAFILES'
2020-11-23 23:24:42 6576 [Note] Shutting down plugin 'INNODB_SYS_TABLESPACES'
2020-11-23 23:24:42 6576 [Note] Shutting down plugin 'INNODB_SYS_FOREIGN_COLS'
2020-11-23 23:24:42 6576 [Note] Shutting down plugin 'INNODB_SYS_FOREIGN'
2020-11-23 23:24:42 6576 [Note] Shutting down plugin 'INNODB_SYS_FIELDS'
2020-11-23 23:24:42 6576 [Note] Shutting down plugin 'INNODB_SYS_COLUMNS'
2020-11-23 23:24:42 6576 [Note] Shutting down plugin 'INNODB_SYS_INDEXES'
2020-11-23 23:24:42 6576 [Note] Shutting down plugin 'INNODB_SYS_TABLESTATS'
2020-11-23 23:24:42 6576 [Note] Shutting down plugin 'INNODB_SYS_TABLES'
2020-11-23 23:24:42 6576 [Note] Shutting down plugin 'INNODB_FT_INDEX_TABLE'
2020-11-23 23:24:42 6576 [Note] Shutting down plugin 'INNODB_FT_INDEX_CACHE'
2020-11-23 23:24:42 6576 [Note] Shutting down plugin 'INNODB_FT_CONFIG'
2020-11-23 23:24:42 6576 [Note] Shutting down plugin 'INNODB_FT_BEING_DELETED'
2020-11-23 23:24:42 6576 [Note] Shutting down plugin 'INNODB_FT_DELETED'
2020-11-23 23:24:42 6576 [Note] Shutting down plugin 'INNODB_FT_DEFAULT_STOPWORD'
2020-11-23 23:24:42 6576 [Note] Shutting down plugin 'INNODB_METRICS'
2020-11-23 23:24:42 6576 [Note] Shutting down plugin 'INNODB_BUFFER_POOL_STATS'
2020-11-23 23:24:42 6576 [Note] Shutting down plugin 'INNODB_BUFFER_PAGE_LRU'
2020-11-23 23:24:42 6576 [Note] Shutting down plugin 'INNODB_BUFFER_PAGE'
2020-11-23 23:24:42 6576 [Note] Shutting down plugin 'INNODB_CMP_PER_INDEX_RESET'
2020-11-23 23:24:42 6576 [Note] Shutting down plugin 'INNODB_CMP_PER_INDEX'
2020-11-23 23:24:42 6576 [Note] Shutting down plugin 'INNODB_CMPMEM_RESET'
2020-11-23 23:24:42 6576 [Note] Shutting down plugin 'INNODB_CMPMEM'
2020-11-23 23:24:42 6576 [Note] Shutting down plugin 'INNODB_CMP_RESET'
2020-11-23 23:24:42 6576 [Note] Shutting down plugin 'INNODB_CMP'
2020-11-23 23:24:42 6576 [Note] Shutting down plugin 'INNODB_LOCK_WAITS'
2020-11-23 23:24:42 6576 [Note] Shutting down plugin 'INNODB_LOCKS'
2020-11-23 23:24:42 6576 [Note] Shutting down plugin 'INNODB_TRX'
2020-11-23 23:24:42 6576 [Note] Shutting down plugin 'BLACKHOLE'
2020-11-23 23:24:42 6576 [Note] Shutting down plugin 'ARCHIVE'
2020-11-23 23:24:42 6576 [Note] Shutting down plugin 'MRG_MYISAM'
2020-11-23 23:24:42 6576 [Note] Shutting down plugin 'MyISAM'
2020-11-23 23:24:42 6576 [Note] Shutting down plugin 'MEMORY'
2020-11-23 23:24:42 6576 [Note] Shutting down plugin 'CSV'
2020-11-23 23:24:42 6576 [Note] Shutting down plugin 'sha256_password'
2020-11-23 23:24:42 6576 [Note] Shutting down plugin 'mysql_old_password'
2020-11-23 23:24:42 6576 [Note] Shutting down plugin 'mysql_native_password'
2020-11-23 23:24:42 6576 [Note] Shutting down plugin 'binlog'
2020-11-23 23:24:42 6576 [Note] C:\Users\Aija-Monika.Vainina\Downloads\usbwebserver_v8.6.2\usbwebserver/mysql/bin/mysqld_usbwv8.exe: Shutdown complete

2020-11-23 23:25:35 13408 [Note] Plugin 'FEDERATED' is disabled.
2020-11-23 23:25:35 13408 [Note] InnoDB: Using atomics to ref count buffer pool pages
2020-11-23 23:25:35 13408 [Note] InnoDB: The InnoDB memory heap is disabled
2020-11-23 23:25:35 13408 [Note] InnoDB: Mutexes and rw_locks use Windows interlocked functions
2020-11-23 23:25:35 13408 [Note] InnoDB: Memory barrier is not used
2020-11-23 23:25:35 13408 [Note] InnoDB: Compressed tables use zlib 1.2.3
2020-11-23 23:25:35 13408 [Note] InnoDB: Not using CPU crc32 instructions
2020-11-23 23:25:35 13408 [Note] InnoDB: Initializing buffer pool, size = 128.0M
2020-11-23 23:25:35 13408 [Note] InnoDB: Completed initialization of buffer pool
2020-11-23 23:25:35 13408 [Note] InnoDB: Highest supported file format is Barracuda.
2020-11-23 23:25:35 13408 [Note] InnoDB: The log sequence numbers 1626134 and 1626134 in ibdata files do not match the log sequence number 3825248 in the ib_logfiles!
2020-11-23 23:25:35 13408 [Note] InnoDB: Database was not shutdown normally!
2020-11-23 23:25:35 13408 [Note] InnoDB: Starting crash recovery.
2020-11-23 23:25:35 13408 [Note] InnoDB: Reading tablespace information from the .ibd files...
2020-11-23 23:25:35 13408 [Note] InnoDB: Restoring possible half-written data pages 
2020-11-23 23:25:35 13408 [Note] InnoDB: from the doublewrite buffer...
2020-11-23 23:25:35 13408 [Note] InnoDB: 128 rollback segment(s) are active.
2020-11-23 23:25:35 13408 [Note] InnoDB: Waiting for purge to start
2020-11-23 23:25:35 13408 [Note] InnoDB: 5.6.34 started; log sequence number 3825248
2020-11-23 23:25:35 13408 [Note] Server hostname (bind-address): '*'; port: 3306
2020-11-23 23:25:35 13408 [Note] IPv6 is available.
2020-11-23 23:25:35 13408 [Note]   - '::' resolves to '::';
2020-11-23 23:25:35 13408 [Note] Server socket created on IP: '::'.
2020-11-23 23:45:15 12776 [Note] Plugin 'FEDERATED' is disabled.
2020-11-23 23:45:15 12776 [Note] InnoDB: Using atomics to ref count buffer pool pages
2020-11-23 23:45:15 12776 [Note] InnoDB: The InnoDB memory heap is disabled
2020-11-23 23:45:15 12776 [Note] InnoDB: Mutexes and rw_locks use Windows interlocked functions
2020-11-23 23:45:15 12776 [Note] InnoDB: Memory barrier is not used
2020-11-23 23:45:15 12776 [Note] InnoDB: Compressed tables use zlib 1.2.3
2020-11-23 23:45:15 12776 [Note] InnoDB: Not using CPU crc32 instructions
2020-11-23 23:45:15 12776 [Note] InnoDB: Initializing buffer pool, size = 128.0M
2020-11-23 23:45:15 12776 [Note] InnoDB: Completed initialization of buffer pool
2020-11-23 23:45:15 12776 [Note] InnoDB: Highest supported file format is Barracuda.
2020-11-23 23:45:15 12776 [Note] InnoDB: The log sequence numbers 1626134 and 1626134 in ibdata files do not match the log sequence number 3837647 in the ib_logfiles!
2020-11-23 23:45:15 12776 [Note] InnoDB: Database was not shutdown normally!
2020-11-23 23:45:15 12776 [Note] InnoDB: Starting crash recovery.
2020-11-23 23:45:15 12776 [Note] InnoDB: Reading tablespace information from the .ibd files...
2020-11-23 23:45:15 12776 [Note] InnoDB: Restoring possible half-written data pages 
2020-11-23 23:45:15 12776 [Note] InnoDB: from the doublewrite buffer...
2020-11-23 23:45:15 12776 [Note] InnoDB: 128 rollback segment(s) are active.
2020-11-23 23:45:15 12776 [Note] InnoDB: Waiting for purge to start
2020-11-23 23:45:15 12776 [Note] InnoDB: 5.6.34 started; log sequence number 3837647
2020-11-23 23:45:15 12776 [Note] Server hostname (bind-address): '*'; port: 3306
2020-11-23 23:45:15 12776 [Note] IPv6 is available.
2020-11-23 23:45:15 12776 [Note]   - '::' resolves to '::';
2020-11-23 23:45:15 12776 [Note] Server socket created on IP: '::'.
